{"C:\\Users\\maddi\\OneDrive\\Documents\\GardenlyReact\\GardenlyReact\\api\\controllers\\admin.controller.js": {"path":"C:\\Users\\maddi\\OneDrive\\Documents\\GardenlyReact\\GardenlyReact\\api\\controllers\\admin.controller.js","statementMap":{"0":{"start":{"line":8,"column":33},"end":{"line":57,"column":1}},"1":{"start":{"line":9,"column":2},"end":{"line":56,"column":3}},"2":{"start":{"line":16,"column":8},"end":{"line":40,"column":6}},"3":{"start":{"line":42,"column":25},"end":{"line":42,"column":50}},"4":{"start":{"line":44,"column":4},"end":{"line":53,"column":7}},"5":{"start":{"line":55,"column":4},"end":{"line":55,"column":68}},"6":{"start":{"line":60,"column":27},"end":{"line":67,"column":1}},"7":{"start":{"line":61,"column":2},"end":{"line":66,"column":3}},"8":{"start":{"line":62,"column":18},"end":{"line":62,"column":146}},"9":{"start":{"line":63,"column":4},"end":{"line":63,"column":60}},"10":{"start":{"line":65,"column":4},"end":{"line":65,"column":53}},"11":{"start":{"line":70,"column":26},"end":{"line":78,"column":1}},"12":{"start":{"line":71,"column":2},"end":{"line":77,"column":3}},"13":{"start":{"line":72,"column":17},"end":{"line":72,"column":60}},"14":{"start":{"line":73,"column":4},"end":{"line":73,"column":64}},"15":{"start":{"line":73,"column":15},"end":{"line":73,"column":64}},"16":{"start":{"line":74,"column":4},"end":{"line":74,"column":70}},"17":{"start":{"line":76,"column":4},"end":{"line":76,"column":53}},"18":{"start":{"line":81,"column":30},"end":{"line":88,"column":1}},"19":{"start":{"line":82,"column":2},"end":{"line":87,"column":3}},"20":{"start":{"line":83,"column":21},"end":{"line":83,"column":107}},"21":{"start":{"line":84,"column":4},"end":{"line":84,"column":66}},"22":{"start":{"line":86,"column":4},"end":{"line":86,"column":56}},"23":{"start":{"line":91,"column":29},"end":{"line":99,"column":1}},"24":{"start":{"line":92,"column":2},"end":{"line":98,"column":3}},"25":{"start":{"line":93,"column":20},"end":{"line":93,"column":66}},"26":{"start":{"line":94,"column":4},"end":{"line":94,"column":70}},"27":{"start":{"line":94,"column":18},"end":{"line":94,"column":70}},"28":{"start":{"line":95,"column":4},"end":{"line":95,"column":73}},"29":{"start":{"line":97,"column":4},"end":{"line":97,"column":56}},"30":{"start":{"line":102,"column":28},"end":{"line":112,"column":1}},"31":{"start":{"line":103,"column":2},"end":{"line":111,"column":3}},"32":{"start":{"line":104,"column":19},"end":{"line":107,"column":52}},"33":{"start":{"line":108,"column":4},"end":{"line":108,"column":62}},"34":{"start":{"line":110,"column":4},"end":{"line":110,"column":54}},"35":{"start":{"line":115,"column":29},"end":{"line":124,"column":1}},"36":{"start":{"line":116,"column":2},"end":{"line":123,"column":3}},"37":{"start":{"line":117,"column":20},"end":{"line":119,"column":46}},"38":{"start":{"line":120,"column":4},"end":{"line":120,"column":64}},"39":{"start":{"line":122,"column":4},"end":{"line":122,"column":55}},"40":{"start":{"line":127,"column":29},"end":{"line":140,"column":1}},"41":{"start":{"line":128,"column":2},"end":{"line":139,"column":3}},"42":{"start":{"line":129,"column":27},"end":{"line":129,"column":35}},"43":{"start":{"line":130,"column":19},"end":{"line":134,"column":5}},"44":{"start":{"line":135,"column":4},"end":{"line":135,"column":68}},"45":{"start":{"line":135,"column":17},"end":{"line":135,"column":68}},"46":{"start":{"line":136,"column":4},"end":{"line":136,"column":68}},"47":{"start":{"line":138,"column":4},"end":{"line":138,"column":56}}},"fnMap":{"0":{"name":"(anonymous_0)","decl":{"start":{"line":8,"column":33},"end":{"line":8,"column":34}},"loc":{"start":{"line":8,"column":59},"end":{"line":57,"column":1}},"line":8},"1":{"name":"(anonymous_1)","decl":{"start":{"line":60,"column":27},"end":{"line":60,"column":28}},"loc":{"start":{"line":60,"column":53},"end":{"line":67,"column":1}},"line":60},"2":{"name":"(anonymous_2)","decl":{"start":{"line":70,"column":26},"end":{"line":70,"column":27}},"loc":{"start":{"line":70,"column":52},"end":{"line":78,"column":1}},"line":70},"3":{"name":"(anonymous_3)","decl":{"start":{"line":81,"column":30},"end":{"line":81,"column":31}},"loc":{"start":{"line":81,"column":56},"end":{"line":88,"column":1}},"line":81},"4":{"name":"(anonymous_4)","decl":{"start":{"line":91,"column":29},"end":{"line":91,"column":30}},"loc":{"start":{"line":91,"column":55},"end":{"line":99,"column":1}},"line":91},"5":{"name":"(anonymous_5)","decl":{"start":{"line":102,"column":28},"end":{"line":102,"column":29}},"loc":{"start":{"line":102,"column":54},"end":{"line":112,"column":1}},"line":102},"6":{"name":"(anonymous_6)","decl":{"start":{"line":115,"column":29},"end":{"line":115,"column":30}},"loc":{"start":{"line":115,"column":55},"end":{"line":124,"column":1}},"line":115},"7":{"name":"(anonymous_7)","decl":{"start":{"line":127,"column":29},"end":{"line":127,"column":30}},"loc":{"start":{"line":127,"column":55},"end":{"line":140,"column":1}},"line":127}},"branchMap":{"0":{"loc":{"start":{"line":42,"column":25},"end":{"line":42,"column":50}},"type":"binary-expr","locations":[{"start":{"line":42,"column":25},"end":{"line":42,"column":45}},{"start":{"line":42,"column":49},"end":{"line":42,"column":50}}],"line":42},"1":{"loc":{"start":{"line":73,"column":4},"end":{"line":73,"column":64}},"type":"if","locations":[{"start":{"line":73,"column":4},"end":{"line":73,"column":64}},{"start":{},"end":{}}],"line":73},"2":{"loc":{"start":{"line":94,"column":4},"end":{"line":94,"column":70}},"type":"if","locations":[{"start":{"line":94,"column":4},"end":{"line":94,"column":70}},{"start":{},"end":{}}],"line":94},"3":{"loc":{"start":{"line":135,"column":4},"end":{"line":135,"column":68}},"type":"if","locations":[{"start":{"line":135,"column":4},"end":{"line":135,"column":68}},{"start":{},"end":{}}],"line":135}},"s":{"0":0,"1":0,"2":0,"3":0,"4":0,"5":0,"6":0,"7":0,"8":0,"9":0,"10":0,"11":0,"12":0,"13":0,"14":0,"15":0,"16":0,"17":0,"18":0,"19":0,"20":0,"21":0,"22":0,"23":0,"24":0,"25":0,"26":0,"27":0,"28":0,"29":0,"30":0,"31":0,"32":0,"33":0,"34":0,"35":0,"36":0,"37":0,"38":0,"39":0,"40":0,"41":0,"42":0,"43":0,"44":0,"45":0,"46":0,"47":0},"f":{"0":0,"1":0,"2":0,"3":0,"4":0,"5":0,"6":0,"7":0},"b":{"0":[0,0],"1":[0,0],"2":[0,0],"3":[0,0]},"inputSourceMap":null}
,"C:\\Users\\maddi\\OneDrive\\Documents\\GardenlyReact\\GardenlyReact\\api\\controllers\\auth.controller.js": {"path":"C:\\Users\\maddi\\OneDrive\\Documents\\GardenlyReact\\GardenlyReact\\api\\controllers\\auth.controller.js","statementMap":{"0":{"start":{"line":8,"column":21},"end":{"line":8,"column":67}},"1":{"start":{"line":10,"column":26},"end":{"line":28,"column":1}},"2":{"start":{"line":11,"column":16},"end":{"line":15,"column":3}},"3":{"start":{"line":17,"column":50},"end":{"line":17,"column":59}},"4":{"start":{"line":19,"column":2},"end":{"line":27,"column":63}},"5":{"start":{"line":31,"column":22},"end":{"line":76,"column":1}},"6":{"start":{"line":32,"column":65},"end":{"line":32,"column":73}},"7":{"start":{"line":34,"column":2},"end":{"line":75,"column":3}},"8":{"start":{"line":35,"column":4},"end":{"line":37,"column":5}},"9":{"start":{"line":36,"column":6},"end":{"line":36,"column":64}},"10":{"start":{"line":39,"column":26},"end":{"line":39,"column":49}},"11":{"start":{"line":40,"column":26},"end":{"line":40,"column":73}},"12":{"start":{"line":41,"column":23},"end":{"line":41,"column":56}},"13":{"start":{"line":42,"column":24},"end":{"line":42,"column":34}},"14":{"start":{"line":44,"column":4},"end":{"line":44,"column":90}},"15":{"start":{"line":44,"column":39},"end":{"line":44,"column":90}},"16":{"start":{"line":45,"column":4},"end":{"line":45,"column":136}},"17":{"start":{"line":45,"column":39},"end":{"line":45,"column":136}},"18":{"start":{"line":46,"column":4},"end":{"line":46,"column":88}},"19":{"start":{"line":46,"column":33},"end":{"line":46,"column":88}},"20":{"start":{"line":47,"column":4},"end":{"line":47,"column":94}},"21":{"start":{"line":47,"column":35},"end":{"line":47,"column":94}},"22":{"start":{"line":48,"column":4},"end":{"line":48,"column":111}},"23":{"start":{"line":48,"column":64},"end":{"line":48,"column":111}},"24":{"start":{"line":50,"column":25},"end":{"line":50,"column":34}},"25":{"start":{"line":51,"column":4},"end":{"line":55,"column":5}},"26":{"start":{"line":52,"column":22},"end":{"line":52,"column":57}},"27":{"start":{"line":53,"column":6},"end":{"line":53,"column":123}},"28":{"start":{"line":53,"column":54},"end":{"line":53,"column":123}},"29":{"start":{"line":54,"column":6},"end":{"line":54,"column":33}},"30":{"start":{"line":57,"column":21},"end":{"line":57,"column":87}},"31":{"start":{"line":58,"column":4},"end":{"line":58,"column":104}},"32":{"start":{"line":58,"column":18},"end":{"line":58,"column":104}},"33":{"start":{"line":60,"column":16},"end":{"line":60,"column":70}},"34":{"start":{"line":61,"column":27},"end":{"line":61,"column":56}},"35":{"start":{"line":62,"column":17},"end":{"line":67,"column":6}},"36":{"start":{"line":69,"column":4},"end":{"line":69,"column":22}},"37":{"start":{"line":70,"column":4},"end":{"line":70,"column":49}},"38":{"start":{"line":72,"column":4},"end":{"line":72,"column":138}},"39":{"start":{"line":74,"column":4},"end":{"line":74,"column":14}},"40":{"start":{"line":78,"column":27},"end":{"line":97,"column":1}},"41":{"start":{"line":79,"column":25},"end":{"line":79,"column":33}},"42":{"start":{"line":80,"column":2},"end":{"line":96,"column":3}},"43":{"start":{"line":81,"column":17},"end":{"line":81,"column":46}},"44":{"start":{"line":82,"column":4},"end":{"line":82,"column":64}},"45":{"start":{"line":82,"column":15},"end":{"line":82,"column":64}},"46":{"start":{"line":83,"column":4},"end":{"line":83,"column":106}},"47":{"start":{"line":83,"column":30},"end":{"line":83,"column":106}},"48":{"start":{"line":85,"column":4},"end":{"line":85,"column":89}},"49":{"start":{"line":85,"column":43},"end":{"line":85,"column":89}},"50":{"start":{"line":86,"column":4},"end":{"line":86,"column":103}},"51":{"start":{"line":86,"column":57},"end":{"line":86,"column":103}},"52":{"start":{"line":88,"column":4},"end":{"line":88,"column":32}},"53":{"start":{"line":89,"column":4},"end":{"line":89,"column":42}},"54":{"start":{"line":90,"column":4},"end":{"line":90,"column":51}},"55":{"start":{"line":91,"column":4},"end":{"line":91,"column":22}},"56":{"start":{"line":93,"column":4},"end":{"line":93,"column":104}},"57":{"start":{"line":95,"column":4},"end":{"line":95,"column":14}},"58":{"start":{"line":100,"column":22},"end":{"line":140,"column":1}},"59":{"start":{"line":101,"column":39},"end":{"line":101,"column":47}},"60":{"start":{"line":103,"column":2},"end":{"line":139,"column":3}},"61":{"start":{"line":104,"column":4},"end":{"line":104,"column":117}},"62":{"start":{"line":104,"column":41},"end":{"line":104,"column":117}},"63":{"start":{"line":106,"column":17},"end":{"line":106,"column":49}},"64":{"start":{"line":107,"column":4},"end":{"line":107,"column":64}},"65":{"start":{"line":107,"column":15},"end":{"line":107,"column":64}},"66":{"start":{"line":109,"column":28},"end":{"line":109,"column":71}},"67":{"start":{"line":110,"column":4},"end":{"line":110,"column":77}},"68":{"start":{"line":110,"column":26},"end":{"line":110,"column":77}},"69":{"start":{"line":112,"column":4},"end":{"line":114,"column":5}},"70":{"start":{"line":113,"column":6},"end":{"line":113,"column":83}},"71":{"start":{"line":118,"column":4},"end":{"line":126,"column":5}},"72":{"start":{"line":120,"column":18},"end":{"line":120,"column":72}},"73":{"start":{"line":121,"column":6},"end":{"line":121,"column":38}},"74":{"start":{"line":122,"column":6},"end":{"line":122,"column":81}},"75":{"start":{"line":123,"column":6},"end":{"line":123,"column":24}},"76":{"start":{"line":124,"column":6},"end":{"line":124,"column":56}},"77":{"start":{"line":125,"column":6},"end":{"line":125,"column":169}},"78":{"start":{"line":129,"column":4},"end":{"line":132,"column":5}},"79":{"start":{"line":130,"column":6},"end":{"line":130,"column":34}},"80":{"start":{"line":131,"column":6},"end":{"line":131,"column":24}},"81":{"start":{"line":135,"column":4},"end":{"line":135,"column":40}},"82":{"start":{"line":138,"column":4},"end":{"line":138,"column":14}},"83":{"start":{"line":142,"column":25},"end":{"line":159,"column":1}},"84":{"start":{"line":143,"column":25},"end":{"line":143,"column":33}},"85":{"start":{"line":144,"column":2},"end":{"line":158,"column":3}},"86":{"start":{"line":145,"column":17},"end":{"line":145,"column":46}},"87":{"start":{"line":146,"column":4},"end":{"line":146,"column":64}},"88":{"start":{"line":146,"column":15},"end":{"line":146,"column":64}},"89":{"start":{"line":148,"column":4},"end":{"line":148,"column":86}},"90":{"start":{"line":148,"column":35},"end":{"line":148,"column":86}},"91":{"start":{"line":149,"column":4},"end":{"line":149,"column":100}},"92":{"start":{"line":149,"column":49},"end":{"line":149,"column":100}},"93":{"start":{"line":151,"column":4},"end":{"line":151,"column":34}},"94":{"start":{"line":152,"column":4},"end":{"line":152,"column":43}},"95":{"start":{"line":153,"column":4},"end":{"line":153,"column":22}},"96":{"start":{"line":155,"column":4},"end":{"line":155,"column":40}},"97":{"start":{"line":157,"column":4},"end":{"line":157,"column":14}},"98":{"start":{"line":162,"column":28},"end":{"line":201,"column":1}},"99":{"start":{"line":163,"column":41},"end":{"line":163,"column":49}},"100":{"start":{"line":165,"column":2},"end":{"line":200,"column":3}},"101":{"start":{"line":166,"column":4},"end":{"line":166,"column":85}},"102":{"start":{"line":166,"column":21},"end":{"line":166,"column":85}},"103":{"start":{"line":167,"column":4},"end":{"line":167,"column":108}},"104":{"start":{"line":167,"column":39},"end":{"line":167,"column":108}},"105":{"start":{"line":169,"column":19},"end":{"line":172,"column":6}},"106":{"start":{"line":174,"column":20},"end":{"line":174,"column":39}},"107":{"start":{"line":175,"column":18},"end":{"line":175,"column":47}},"108":{"start":{"line":176,"column":4},"end":{"line":176,"column":82}},"109":{"start":{"line":176,"column":16},"end":{"line":176,"column":82}},"110":{"start":{"line":178,"column":15},"end":{"line":178,"column":44}},"111":{"start":{"line":180,"column":4},"end":{"line":194,"column":5}},"112":{"start":{"line":181,"column":23},"end":{"line":181,"column":93}},"113":{"start":{"line":182,"column":26},"end":{"line":182,"column":101}},"114":{"start":{"line":183,"column":21},"end":{"line":183,"column":88}},"115":{"start":{"line":184,"column":6},"end":{"line":184,"column":126}},"116":{"start":{"line":184,"column":47},"end":{"line":184,"column":126}},"117":{"start":{"line":186,"column":19},"end":{"line":186,"column":45}},"118":{"start":{"line":187,"column":6},"end":{"line":187,"column":111}},"119":{"start":{"line":187,"column":45},"end":{"line":187,"column":111}},"120":{"start":{"line":189,"column":27},"end":{"line":189,"column":87}},"121":{"start":{"line":190,"column":6},"end":{"line":193,"column":9}},"122":{"start":{"line":197,"column":4},"end":{"line":197,"column":40}},"123":{"start":{"line":199,"column":4},"end":{"line":199,"column":59}},"124":{"start":{"line":204,"column":30},"end":{"line":224,"column":1}},"125":{"start":{"line":205,"column":20},"end":{"line":205,"column":28}},"126":{"start":{"line":206,"column":2},"end":{"line":223,"column":3}},"127":{"start":{"line":207,"column":4},"end":{"line":207,"column":68}},"128":{"start":{"line":207,"column":16},"end":{"line":207,"column":68}},"129":{"start":{"line":208,"column":17},"end":{"line":208,"column":46}},"130":{"start":{"line":209,"column":4},"end":{"line":209,"column":82}},"131":{"start":{"line":209,"column":15},"end":{"line":209,"column":82}},"132":{"start":{"line":211,"column":16},"end":{"line":211,"column":70}},"133":{"start":{"line":212,"column":20},"end":{"line":212,"column":57}},"134":{"start":{"line":214,"column":4},"end":{"line":214,"column":24}},"135":{"start":{"line":215,"column":4},"end":{"line":215,"column":37}},"136":{"start":{"line":216,"column":4},"end":{"line":216,"column":22}},"137":{"start":{"line":218,"column":4},"end":{"line":218,"column":34}},"138":{"start":{"line":220,"column":4},"end":{"line":220,"column":79}},"139":{"start":{"line":222,"column":4},"end":{"line":222,"column":14}},"140":{"start":{"line":227,"column":29},"end":{"line":252,"column":1}},"141":{"start":{"line":228,"column":38},"end":{"line":228,"column":46}},"142":{"start":{"line":229,"column":2},"end":{"line":251,"column":3}},"143":{"start":{"line":230,"column":4},"end":{"line":230,"column":116}},"144":{"start":{"line":230,"column":40},"end":{"line":230,"column":116}},"145":{"start":{"line":231,"column":4},"end":{"line":231,"column":173}},"146":{"start":{"line":231,"column":76},"end":{"line":231,"column":173}},"147":{"start":{"line":233,"column":17},"end":{"line":233,"column":46}},"148":{"start":{"line":234,"column":4},"end":{"line":234,"column":64}},"149":{"start":{"line":234,"column":15},"end":{"line":234,"column":64}},"150":{"start":{"line":235,"column":4},"end":{"line":235,"column":95}},"151":{"start":{"line":235,"column":49},"end":{"line":235,"column":95}},"152":{"start":{"line":236,"column":4},"end":{"line":241,"column":5}},"153":{"start":{"line":237,"column":6},"end":{"line":237,"column":32}},"154":{"start":{"line":238,"column":6},"end":{"line":238,"column":41}},"155":{"start":{"line":239,"column":6},"end":{"line":239,"column":24}},"156":{"start":{"line":240,"column":6},"end":{"line":240,"column":52}},"157":{"start":{"line":243,"column":4},"end":{"line":243,"column":53}},"158":{"start":{"line":244,"column":4},"end":{"line":244,"column":30}},"159":{"start":{"line":245,"column":4},"end":{"line":245,"column":39}},"160":{"start":{"line":246,"column":4},"end":{"line":246,"column":22}},"161":{"start":{"line":248,"column":4},"end":{"line":248,"column":104}},"162":{"start":{"line":250,"column":4},"end":{"line":250,"column":14}}},"fnMap":{"0":{"name":"(anonymous_0)","decl":{"start":{"line":10,"column":26},"end":{"line":10,"column":27}},"loc":{"start":{"line":10,"column":41},"end":{"line":28,"column":1}},"line":10},"1":{"name":"(anonymous_1)","decl":{"start":{"line":31,"column":22},"end":{"line":31,"column":23}},"loc":{"start":{"line":31,"column":48},"end":{"line":76,"column":1}},"line":31},"2":{"name":"(anonymous_2)","decl":{"start":{"line":78,"column":27},"end":{"line":78,"column":28}},"loc":{"start":{"line":78,"column":53},"end":{"line":97,"column":1}},"line":78},"3":{"name":"(anonymous_3)","decl":{"start":{"line":100,"column":22},"end":{"line":100,"column":23}},"loc":{"start":{"line":100,"column":48},"end":{"line":140,"column":1}},"line":100},"4":{"name":"(anonymous_4)","decl":{"start":{"line":142,"column":25},"end":{"line":142,"column":26}},"loc":{"start":{"line":142,"column":51},"end":{"line":159,"column":1}},"line":142},"5":{"name":"(anonymous_5)","decl":{"start":{"line":162,"column":28},"end":{"line":162,"column":29}},"loc":{"start":{"line":162,"column":54},"end":{"line":201,"column":1}},"line":162},"6":{"name":"(anonymous_6)","decl":{"start":{"line":204,"column":30},"end":{"line":204,"column":31}},"loc":{"start":{"line":204,"column":56},"end":{"line":224,"column":1}},"line":204},"7":{"name":"(anonymous_7)","decl":{"start":{"line":227,"column":29},"end":{"line":227,"column":30}},"loc":{"start":{"line":227,"column":55},"end":{"line":252,"column":1}},"line":227}},"branchMap":{"0":{"loc":{"start":{"line":35,"column":4},"end":{"line":37,"column":5}},"type":"if","locations":[{"start":{"line":35,"column":4},"end":{"line":37,"column":5}},{"start":{},"end":{}}],"line":35},"1":{"loc":{"start":{"line":35,"column":8},"end":{"line":35,"column":60}},"type":"binary-expr","locations":[{"start":{"line":35,"column":8},"end":{"line":35,"column":17}},{"start":{"line":35,"column":21},"end":{"line":35,"column":27}},{"start":{"line":35,"column":31},"end":{"line":35,"column":40}},{"start":{"line":35,"column":44},"end":{"line":35,"column":49}},{"start":{"line":35,"column":53},"end":{"line":35,"column":60}}],"line":35},"2":{"loc":{"start":{"line":44,"column":4},"end":{"line":44,"column":90}},"type":"if","locations":[{"start":{"line":44,"column":4},"end":{"line":44,"column":90}},{"start":{},"end":{}}],"line":44},"3":{"loc":{"start":{"line":45,"column":4},"end":{"line":45,"column":136}},"type":"if","locations":[{"start":{"line":45,"column":4},"end":{"line":45,"column":136}},{"start":{},"end":{}}],"line":45},"4":{"loc":{"start":{"line":46,"column":4},"end":{"line":46,"column":88}},"type":"if","locations":[{"start":{"line":46,"column":4},"end":{"line":46,"column":88}},{"start":{},"end":{}}],"line":46},"5":{"loc":{"start":{"line":47,"column":4},"end":{"line":47,"column":94}},"type":"if","locations":[{"start":{"line":47,"column":4},"end":{"line":47,"column":94}},{"start":{},"end":{}}],"line":47},"6":{"loc":{"start":{"line":48,"column":4},"end":{"line":48,"column":111}},"type":"if","locations":[{"start":{"line":48,"column":4},"end":{"line":48,"column":111}},{"start":{},"end":{}}],"line":48},"7":{"loc":{"start":{"line":51,"column":4},"end":{"line":55,"column":5}},"type":"if","locations":[{"start":{"line":51,"column":4},"end":{"line":55,"column":5}},{"start":{},"end":{}}],"line":51},"8":{"loc":{"start":{"line":53,"column":6},"end":{"line":53,"column":123}},"type":"if","locations":[{"start":{"line":53,"column":6},"end":{"line":53,"column":123}},{"start":{},"end":{}}],"line":53},"9":{"loc":{"start":{"line":53,"column":10},"end":{"line":53,"column":52}},"type":"binary-expr","locations":[{"start":{"line":53,"column":10},"end":{"line":53,"column":20}},{"start":{"line":53,"column":24},"end":{"line":53,"column":52}}],"line":53},"10":{"loc":{"start":{"line":58,"column":4},"end":{"line":58,"column":104}},"type":"if","locations":[{"start":{"line":58,"column":4},"end":{"line":58,"column":104}},{"start":{},"end":{}}],"line":58},"11":{"loc":{"start":{"line":82,"column":4},"end":{"line":82,"column":64}},"type":"if","locations":[{"start":{"line":82,"column":4},"end":{"line":82,"column":64}},{"start":{},"end":{}}],"line":82},"12":{"loc":{"start":{"line":83,"column":4},"end":{"line":83,"column":106}},"type":"if","locations":[{"start":{"line":83,"column":4},"end":{"line":83,"column":106}},{"start":{},"end":{}}],"line":83},"13":{"loc":{"start":{"line":85,"column":4},"end":{"line":85,"column":89}},"type":"if","locations":[{"start":{"line":85,"column":4},"end":{"line":85,"column":89}},{"start":{},"end":{}}],"line":85},"14":{"loc":{"start":{"line":86,"column":4},"end":{"line":86,"column":103}},"type":"if","locations":[{"start":{"line":86,"column":4},"end":{"line":86,"column":103}},{"start":{},"end":{}}],"line":86},"15":{"loc":{"start":{"line":104,"column":4},"end":{"line":104,"column":117}},"type":"if","locations":[{"start":{"line":104,"column":4},"end":{"line":104,"column":117}},{"start":{},"end":{}}],"line":104},"16":{"loc":{"start":{"line":104,"column":8},"end":{"line":104,"column":39}},"type":"binary-expr","locations":[{"start":{"line":104,"column":8},"end":{"line":104,"column":17}},{"start":{"line":104,"column":21},"end":{"line":104,"column":30}},{"start":{"line":104,"column":34},"end":{"line":104,"column":39}}],"line":104},"17":{"loc":{"start":{"line":107,"column":4},"end":{"line":107,"column":64}},"type":"if","locations":[{"start":{"line":107,"column":4},"end":{"line":107,"column":64}},{"start":{},"end":{}}],"line":107},"18":{"loc":{"start":{"line":110,"column":4},"end":{"line":110,"column":77}},"type":"if","locations":[{"start":{"line":110,"column":4},"end":{"line":110,"column":77}},{"start":{},"end":{}}],"line":110},"19":{"loc":{"start":{"line":112,"column":4},"end":{"line":114,"column":5}},"type":"if","locations":[{"start":{"line":112,"column":4},"end":{"line":114,"column":5}},{"start":{},"end":{}}],"line":112},"20":{"loc":{"start":{"line":118,"column":4},"end":{"line":126,"column":5}},"type":"if","locations":[{"start":{"line":118,"column":4},"end":{"line":126,"column":5}},{"start":{},"end":{}}],"line":118},"21":{"loc":{"start":{"line":118,"column":8},"end":{"line":118,"column":58}},"type":"binary-expr","locations":[{"start":{"line":118,"column":8},"end":{"line":118,"column":29}},{"start":{"line":118,"column":33},"end":{"line":118,"column":58}}],"line":118},"22":{"loc":{"start":{"line":129,"column":4},"end":{"line":132,"column":5}},"type":"if","locations":[{"start":{"line":129,"column":4},"end":{"line":132,"column":5}},{"start":{},"end":{}}],"line":129},"23":{"loc":{"start":{"line":129,"column":8},"end":{"line":129,"column":59}},"type":"binary-expr","locations":[{"start":{"line":129,"column":8},"end":{"line":129,"column":29}},{"start":{"line":129,"column":33},"end":{"line":129,"column":59}}],"line":129},"24":{"loc":{"start":{"line":146,"column":4},"end":{"line":146,"column":64}},"type":"if","locations":[{"start":{"line":146,"column":4},"end":{"line":146,"column":64}},{"start":{},"end":{}}],"line":146},"25":{"loc":{"start":{"line":148,"column":4},"end":{"line":148,"column":86}},"type":"if","locations":[{"start":{"line":148,"column":4},"end":{"line":148,"column":86}},{"start":{},"end":{}}],"line":148},"26":{"loc":{"start":{"line":149,"column":4},"end":{"line":149,"column":100}},"type":"if","locations":[{"start":{"line":149,"column":4},"end":{"line":149,"column":100}},{"start":{},"end":{}}],"line":149},"27":{"loc":{"start":{"line":163,"column":22},"end":{"line":163,"column":36}},"type":"default-arg","locations":[{"start":{"line":163,"column":29},"end":{"line":163,"column":36}}],"line":163},"28":{"loc":{"start":{"line":166,"column":4},"end":{"line":166,"column":85}},"type":"if","locations":[{"start":{"line":166,"column":4},"end":{"line":166,"column":85}},{"start":{},"end":{}}],"line":166},"29":{"loc":{"start":{"line":167,"column":4},"end":{"line":167,"column":108}},"type":"if","locations":[{"start":{"line":167,"column":4},"end":{"line":167,"column":108}},{"start":{},"end":{}}],"line":167},"30":{"loc":{"start":{"line":176,"column":4},"end":{"line":176,"column":82}},"type":"if","locations":[{"start":{"line":176,"column":4},"end":{"line":176,"column":82}},{"start":{},"end":{}}],"line":176},"31":{"loc":{"start":{"line":180,"column":4},"end":{"line":194,"column":5}},"type":"if","locations":[{"start":{"line":180,"column":4},"end":{"line":194,"column":5}},{"start":{},"end":{}}],"line":180},"32":{"loc":{"start":{"line":181,"column":23},"end":{"line":181,"column":93}},"type":"cond-expr","locations":[{"start":{"line":181,"column":79},"end":{"line":181,"column":83}},{"start":{"line":181,"column":86},"end":{"line":181,"column":93}}],"line":181},"33":{"loc":{"start":{"line":182,"column":27},"end":{"line":182,"column":56}},"type":"binary-expr","locations":[{"start":{"line":182,"column":27},"end":{"line":182,"column":46}},{"start":{"line":182,"column":50},"end":{"line":182,"column":56}}],"line":182},"34":{"loc":{"start":{"line":183,"column":24},"end":{"line":183,"column":45}},"type":"binary-expr","locations":[{"start":{"line":183,"column":24},"end":{"line":183,"column":35}},{"start":{"line":183,"column":39},"end":{"line":183,"column":45}}],"line":183},"35":{"loc":{"start":{"line":184,"column":61},"end":{"line":184,"column":82}},"type":"binary-expr","locations":[{"start":{"line":184,"column":61},"end":{"line":184,"column":72}},{"start":{"line":184,"column":76},"end":{"line":184,"column":82}}],"line":184},"36":{"loc":{"start":{"line":191,"column":84},"end":{"line":191,"column":129}},"type":"cond-expr","locations":[{"start":{"line":191,"column":108},"end":{"line":191,"column":117}},{"start":{"line":191,"column":120},"end":{"line":191,"column":129}}],"line":191},"37":{"loc":{"start":{"line":207,"column":4},"end":{"line":207,"column":68}},"type":"if","locations":[{"start":{"line":207,"column":4},"end":{"line":207,"column":68}},{"start":{},"end":{}}],"line":207},"38":{"loc":{"start":{"line":209,"column":4},"end":{"line":209,"column":82}},"type":"if","locations":[{"start":{"line":209,"column":4},"end":{"line":209,"column":82}},{"start":{},"end":{}}],"line":209},"39":{"loc":{"start":{"line":230,"column":4},"end":{"line":230,"column":116}},"type":"if","locations":[{"start":{"line":230,"column":4},"end":{"line":230,"column":116}},{"start":{},"end":{}}],"line":230},"40":{"loc":{"start":{"line":230,"column":8},"end":{"line":230,"column":38}},"type":"binary-expr","locations":[{"start":{"line":230,"column":8},"end":{"line":230,"column":14}},{"start":{"line":230,"column":18},"end":{"line":230,"column":22}},{"start":{"line":230,"column":26},"end":{"line":230,"column":38}}],"line":230},"41":{"loc":{"start":{"line":231,"column":4},"end":{"line":231,"column":173}},"type":"if","locations":[{"start":{"line":231,"column":4},"end":{"line":231,"column":173}},{"start":{},"end":{}}],"line":231},"42":{"loc":{"start":{"line":234,"column":4},"end":{"line":234,"column":64}},"type":"if","locations":[{"start":{"line":234,"column":4},"end":{"line":234,"column":64}},{"start":{},"end":{}}],"line":234},"43":{"loc":{"start":{"line":235,"column":4},"end":{"line":235,"column":95}},"type":"if","locations":[{"start":{"line":235,"column":4},"end":{"line":235,"column":95}},{"start":{},"end":{}}],"line":235},"44":{"loc":{"start":{"line":235,"column":8},"end":{"line":235,"column":47}},"type":"binary-expr","locations":[{"start":{"line":235,"column":8},"end":{"line":235,"column":22}},{"start":{"line":235,"column":26},"end":{"line":235,"column":47}}],"line":235},"45":{"loc":{"start":{"line":236,"column":4},"end":{"line":241,"column":5}},"type":"if","locations":[{"start":{"line":236,"column":4},"end":{"line":241,"column":5}},{"start":{},"end":{}}],"line":236}},"s":{"0":1,"1":1,"2":1,"3":1,"4":1,"5":1,"6":3,"7":3,"8":3,"9":0,"10":3,"11":3,"12":3,"13":3,"14":3,"15":0,"16":3,"17":1,"18":2,"19":1,"20":1,"21":0,"22":1,"23":0,"24":1,"25":1,"26":0,"27":0,"28":0,"29":0,"30":1,"31":1,"32":0,"33":1,"34":1,"35":1,"36":0,"37":0,"38":0,"39":1,"40":1,"41":2,"42":2,"43":2,"44":2,"45":1,"46":1,"47":0,"48":1,"49":0,"50":1,"51":0,"52":1,"53":1,"54":1,"55":1,"56":1,"57":0,"58":1,"59":3,"60":3,"61":3,"62":1,"63":2,"64":2,"65":0,"66":2,"67":2,"68":1,"69":1,"70":0,"71":1,"72":0,"73":0,"74":0,"75":0,"76":0,"77":0,"78":1,"79":0,"80":0,"81":1,"82":0,"83":1,"84":0,"85":0,"86":0,"87":0,"88":0,"89":0,"90":0,"91":0,"92":0,"93":0,"94":0,"95":0,"96":0,"97":0,"98":1,"99":0,"100":0,"101":0,"102":0,"103":0,"104":0,"105":0,"106":0,"107":0,"108":0,"109":0,"110":0,"111":0,"112":0,"113":0,"114":0,"115":0,"116":0,"117":0,"118":0,"119":0,"120":0,"121":0,"122":0,"123":0,"124":1,"125":2,"126":2,"127":2,"128":0,"129":2,"130":2,"131":1,"132":1,"133":1,"134":1,"135":1,"136":1,"137":1,"138":1,"139":0,"140":1,"141":1,"142":1,"143":1,"144":0,"145":1,"146":0,"147":1,"148":1,"149":0,"150":1,"151":1,"152":0,"153":0,"154":0,"155":0,"156":0,"157":0,"158":0,"159":0,"160":0,"161":0,"162":0},"f":{"0":1,"1":3,"2":2,"3":3,"4":0,"5":0,"6":2,"7":1},"b":{"0":[0,3],"1":[3,3,3,3,3],"2":[0,3],"3":[1,2],"4":[1,1],"5":[0,1],"6":[0,1],"7":[0,1],"8":[0,0],"9":[0,0],"10":[0,1],"11":[1,1],"12":[0,1],"13":[0,1],"14":[0,1],"15":[1,2],"16":[3,3,2],"17":[0,2],"18":[1,1],"19":[0,1],"20":[0,1],"21":[1,0],"22":[0,1],"23":[1,0],"24":[0,0],"25":[0,0],"26":[0,0],"27":[0],"28":[0,0],"29":[0,0],"30":[0,0],"31":[0,0],"32":[0,0],"33":[0,0],"34":[0,0],"35":[0,0],"36":[0,0],"37":[0,2],"38":[1,1],"39":[0,1],"40":[1,1,1],"41":[0,1],"42":[0,1],"43":[1,0],"44":[1,1],"45":[0,0]},"inputSourceMap":null,"_coverageSchema":"1a1c01bbd47fc00a2c39e90264f33305004495a9","hash":"6391baafb4aa0c0b758e462ba679f4288d679139"}
,"C:\\Users\\maddi\\OneDrive\\Documents\\GardenlyReact\\GardenlyReact\\api\\controllers\\cart.controller.js": {"path":"C:\\Users\\maddi\\OneDrive\\Documents\\GardenlyReact\\GardenlyReact\\api\\controllers\\cart.controller.js","statementMap":{"0":{"start":{"line":6,"column":23},"end":{"line":21,"column":1}},"1":{"start":{"line":7,"column":2},"end":{"line":20,"column":3}},"2":{"start":{"line":8,"column":15},"end":{"line":10,"column":5}},"3":{"start":{"line":12,"column":4},"end":{"line":15,"column":5}},"4":{"start":{"line":13,"column":6},"end":{"line":13,"column":59}},"5":{"start":{"line":14,"column":6},"end":{"line":14,"column":24}},"6":{"start":{"line":17,"column":4},"end":{"line":17,"column":19}},"7":{"start":{"line":19,"column":4},"end":{"line":19,"column":14}},"8":{"start":{"line":24,"column":25},"end":{"line":58,"column":1}},"9":{"start":{"line":25,"column":2},"end":{"line":57,"column":3}},"10":{"start":{"line":26,"column":40},"end":{"line":26,"column":48}},"11":{"start":{"line":28,"column":4},"end":{"line":29,"column":71}},"12":{"start":{"line":29,"column":6},"end":{"line":29,"column":71}},"13":{"start":{"line":31,"column":20},"end":{"line":31,"column":53}},"14":{"start":{"line":32,"column":4},"end":{"line":33,"column":69}},"15":{"start":{"line":33,"column":6},"end":{"line":33,"column":69}},"16":{"start":{"line":35,"column":15},"end":{"line":35,"column":59}},"17":{"start":{"line":36,"column":4},"end":{"line":38,"column":5}},"18":{"start":{"line":37,"column":6},"end":{"line":37,"column":59}},"19":{"start":{"line":40,"column":25},"end":{"line":42,"column":5}},"20":{"start":{"line":41,"column":16},"end":{"line":41,"column":53}},"21":{"start":{"line":44,"column":4},"end":{"line":48,"column":5}},"22":{"start":{"line":45,"column":6},"end":{"line":45,"column":40}},"23":{"start":{"line":47,"column":6},"end":{"line":47,"column":56}},"24":{"start":{"line":50,"column":4},"end":{"line":50,"column":22}},"25":{"start":{"line":51,"column":26},"end":{"line":53,"column":5}},"26":{"start":{"line":54,"column":4},"end":{"line":54,"column":28}},"27":{"start":{"line":56,"column":4},"end":{"line":56,"column":14}},"28":{"start":{"line":61,"column":30},"end":{"line":95,"column":1}},"29":{"start":{"line":62,"column":2},"end":{"line":94,"column":3}},"30":{"start":{"line":63,"column":36},"end":{"line":63,"column":44}},"31":{"start":{"line":65,"column":4},"end":{"line":69,"column":9}},"32":{"start":{"line":66,"column":6},"end":{"line":69,"column":9}},"33":{"start":{"line":70,"column":4},"end":{"line":74,"column":9}},"34":{"start":{"line":71,"column":6},"end":{"line":74,"column":9}},"35":{"start":{"line":76,"column":17},"end":{"line":76,"column":61}},"36":{"start":{"line":77,"column":4},"end":{"line":77,"column":75}},"37":{"start":{"line":77,"column":15},"end":{"line":77,"column":75}},"38":{"start":{"line":79,"column":17},"end":{"line":81,"column":5}},"39":{"start":{"line":80,"column":16},"end":{"line":80,"column":53}},"40":{"start":{"line":82,"column":4},"end":{"line":83,"column":74}},"41":{"start":{"line":83,"column":6},"end":{"line":83,"column":74}},"42":{"start":{"line":85,"column":4},"end":{"line":85,"column":29}},"43":{"start":{"line":87,"column":4},"end":{"line":87,"column":22}},"44":{"start":{"line":88,"column":26},"end":{"line":90,"column":5}},"45":{"start":{"line":91,"column":4},"end":{"line":91,"column":28}},"46":{"start":{"line":93,"column":4},"end":{"line":93,"column":14}},"47":{"start":{"line":98,"column":30},"end":{"line":117,"column":1}},"48":{"start":{"line":99,"column":2},"end":{"line":116,"column":3}},"49":{"start":{"line":100,"column":26},"end":{"line":100,"column":36}},"50":{"start":{"line":102,"column":17},"end":{"line":102,"column":61}},"51":{"start":{"line":103,"column":4},"end":{"line":103,"column":75}},"52":{"start":{"line":103,"column":15},"end":{"line":103,"column":75}},"53":{"start":{"line":105,"column":4},"end":{"line":107,"column":6}},"54":{"start":{"line":106,"column":16},"end":{"line":106,"column":53}},"55":{"start":{"line":109,"column":4},"end":{"line":109,"column":22}},"56":{"start":{"line":110,"column":26},"end":{"line":112,"column":5}},"57":{"start":{"line":113,"column":4},"end":{"line":113,"column":28}},"58":{"start":{"line":115,"column":4},"end":{"line":115,"column":14}},"59":{"start":{"line":120,"column":24},"end":{"line":150,"column":1}},"60":{"start":{"line":121,"column":2},"end":{"line":149,"column":3}},"61":{"start":{"line":122,"column":17},"end":{"line":124,"column":5}},"62":{"start":{"line":126,"column":4},"end":{"line":127,"column":65}},"63":{"start":{"line":127,"column":6},"end":{"line":127,"column":65}},"64":{"start":{"line":129,"column":4},"end":{"line":141,"column":5}},"65":{"start":{"line":130,"column":22},"end":{"line":130,"column":34}},"66":{"start":{"line":131,"column":6},"end":{"line":136,"column":7}},"67":{"start":{"line":132,"column":8},"end":{"line":135,"column":11}},"68":{"start":{"line":137,"column":6},"end":{"line":137,"column":40}},"69":{"start":{"line":138,"column":6},"end":{"line":138,"column":36}},"70":{"start":{"line":139,"column":6},"end":{"line":139,"column":34}},"71":{"start":{"line":140,"column":6},"end":{"line":140,"column":27}},"72":{"start":{"line":143,"column":4},"end":{"line":143,"column":20}},"73":{"start":{"line":144,"column":4},"end":{"line":144,"column":22}},"74":{"start":{"line":146,"column":4},"end":{"line":146,"column":49}},"75":{"start":{"line":148,"column":4},"end":{"line":148,"column":14}}},"fnMap":{"0":{"name":"(anonymous_0)","decl":{"start":{"line":6,"column":23},"end":{"line":6,"column":24}},"loc":{"start":{"line":6,"column":49},"end":{"line":21,"column":1}},"line":6},"1":{"name":"(anonymous_1)","decl":{"start":{"line":24,"column":25},"end":{"line":24,"column":26}},"loc":{"start":{"line":24,"column":51},"end":{"line":58,"column":1}},"line":24},"2":{"name":"(anonymous_2)","decl":{"start":{"line":41,"column":6},"end":{"line":41,"column":7}},"loc":{"start":{"line":41,"column":16},"end":{"line":41,"column":53}},"line":41},"3":{"name":"(anonymous_3)","decl":{"start":{"line":61,"column":30},"end":{"line":61,"column":31}},"loc":{"start":{"line":61,"column":56},"end":{"line":95,"column":1}},"line":61},"4":{"name":"(anonymous_4)","decl":{"start":{"line":80,"column":6},"end":{"line":80,"column":7}},"loc":{"start":{"line":80,"column":16},"end":{"line":80,"column":53}},"line":80},"5":{"name":"(anonymous_5)","decl":{"start":{"line":98,"column":30},"end":{"line":98,"column":31}},"loc":{"start":{"line":98,"column":56},"end":{"line":117,"column":1}},"line":98},"6":{"name":"(anonymous_6)","decl":{"start":{"line":106,"column":6},"end":{"line":106,"column":7}},"loc":{"start":{"line":106,"column":16},"end":{"line":106,"column":53}},"line":106},"7":{"name":"(anonymous_7)","decl":{"start":{"line":120,"column":24},"end":{"line":120,"column":25}},"loc":{"start":{"line":120,"column":50},"end":{"line":150,"column":1}},"line":120}},"branchMap":{"0":{"loc":{"start":{"line":12,"column":4},"end":{"line":15,"column":5}},"type":"if","locations":[{"start":{"line":12,"column":4},"end":{"line":15,"column":5}},{"start":{},"end":{}}],"line":12},"1":{"loc":{"start":{"line":26,"column":23},"end":{"line":26,"column":35}},"type":"default-arg","locations":[{"start":{"line":26,"column":34},"end":{"line":26,"column":35}}],"line":26},"2":{"loc":{"start":{"line":28,"column":4},"end":{"line":29,"column":71}},"type":"if","locations":[{"start":{"line":28,"column":4},"end":{"line":29,"column":71}},{"start":{},"end":{}}],"line":28},"3":{"loc":{"start":{"line":32,"column":4},"end":{"line":33,"column":69}},"type":"if","locations":[{"start":{"line":32,"column":4},"end":{"line":33,"column":69}},{"start":{},"end":{}}],"line":32},"4":{"loc":{"start":{"line":36,"column":4},"end":{"line":38,"column":5}},"type":"if","locations":[{"start":{"line":36,"column":4},"end":{"line":38,"column":5}},{"start":{},"end":{}}],"line":36},"5":{"loc":{"start":{"line":44,"column":4},"end":{"line":48,"column":5}},"type":"if","locations":[{"start":{"line":44,"column":4},"end":{"line":48,"column":5}},{"start":{"line":46,"column":11},"end":{"line":48,"column":5}}],"line":44},"6":{"loc":{"start":{"line":65,"column":4},"end":{"line":69,"column":9}},"type":"if","locations":[{"start":{"line":65,"column":4},"end":{"line":69,"column":9}},{"start":{},"end":{}}],"line":65},"7":{"loc":{"start":{"line":65,"column":8},"end":{"line":65,"column":38}},"type":"binary-expr","locations":[{"start":{"line":65,"column":8},"end":{"line":65,"column":18}},{"start":{"line":65,"column":22},"end":{"line":65,"column":38}}],"line":65},"8":{"loc":{"start":{"line":70,"column":4},"end":{"line":74,"column":9}},"type":"if","locations":[{"start":{"line":70,"column":4},"end":{"line":74,"column":9}},{"start":{},"end":{}}],"line":70},"9":{"loc":{"start":{"line":77,"column":4},"end":{"line":77,"column":75}},"type":"if","locations":[{"start":{"line":77,"column":4},"end":{"line":77,"column":75}},{"start":{},"end":{}}],"line":77},"10":{"loc":{"start":{"line":82,"column":4},"end":{"line":83,"column":74}},"type":"if","locations":[{"start":{"line":82,"column":4},"end":{"line":83,"column":74}},{"start":{},"end":{}}],"line":82},"11":{"loc":{"start":{"line":103,"column":4},"end":{"line":103,"column":75}},"type":"if","locations":[{"start":{"line":103,"column":4},"end":{"line":103,"column":75}},{"start":{},"end":{}}],"line":103},"12":{"loc":{"start":{"line":126,"column":4},"end":{"line":127,"column":65}},"type":"if","locations":[{"start":{"line":126,"column":4},"end":{"line":127,"column":65}},{"start":{},"end":{}}],"line":126},"13":{"loc":{"start":{"line":126,"column":8},"end":{"line":126,"column":40}},"type":"binary-expr","locations":[{"start":{"line":126,"column":8},"end":{"line":126,"column":13}},{"start":{"line":126,"column":17},"end":{"line":126,"column":40}}],"line":126},"14":{"loc":{"start":{"line":131,"column":6},"end":{"line":136,"column":7}},"type":"if","locations":[{"start":{"line":131,"column":6},"end":{"line":136,"column":7}},{"start":{},"end":{}}],"line":131}},"s":{"0":0,"1":0,"2":0,"3":0,"4":0,"5":0,"6":0,"7":0,"8":0,"9":0,"10":0,"11":0,"12":0,"13":0,"14":0,"15":0,"16":0,"17":0,"18":0,"19":0,"20":0,"21":0,"22":0,"23":0,"24":0,"25":0,"26":0,"27":0,"28":0,"29":0,"30":0,"31":0,"32":0,"33":0,"34":0,"35":0,"36":0,"37":0,"38":0,"39":0,"40":0,"41":0,"42":0,"43":0,"44":0,"45":0,"46":0,"47":0,"48":0,"49":0,"50":0,"51":0,"52":0,"53":0,"54":0,"55":0,"56":0,"57":0,"58":0,"59":0,"60":0,"61":0,"62":0,"63":0,"64":0,"65":0,"66":0,"67":0,"68":0,"69":0,"70":0,"71":0,"72":0,"73":0,"74":0,"75":0},"f":{"0":0,"1":0,"2":0,"3":0,"4":0,"5":0,"6":0,"7":0},"b":{"0":[0,0],"1":[0],"2":[0,0],"3":[0,0],"4":[0,0],"5":[0,0],"6":[0,0],"7":[0,0],"8":[0,0],"9":[0,0],"10":[0,0],"11":[0,0],"12":[0,0],"13":[0,0],"14":[0,0]},"inputSourceMap":null}
,"C:\\Users\\maddi\\OneDrive\\Documents\\GardenlyReact\\GardenlyReact\\api\\controllers\\customRequest.controller.js": {"path":"C:\\Users\\maddi\\OneDrive\\Documents\\GardenlyReact\\GardenlyReact\\api\\controllers\\customRequest.controller.js","statementMap":{"0":{"start":{"line":5,"column":29},"end":{"line":24,"column":1}},"1":{"start":{"line":6,"column":2},"end":{"line":23,"column":3}},"2":{"start":{"line":7,"column":43},"end":{"line":7,"column":51}},"3":{"start":{"line":8,"column":4},"end":{"line":10,"column":5}},"4":{"start":{"line":9,"column":6},"end":{"line":9,"column":75}},"5":{"start":{"line":12,"column":19},"end":{"line":17,"column":6}},"6":{"start":{"line":19,"column":4},"end":{"line":19,"column":24}},"7":{"start":{"line":20,"column":4},"end":{"line":20,"column":61}},"8":{"start":{"line":22,"column":4},"end":{"line":22,"column":14}},"9":{"start":{"line":27,"column":32},"end":{"line":36,"column":1}},"10":{"start":{"line":28,"column":2},"end":{"line":35,"column":3}},"11":{"start":{"line":29,"column":21},"end":{"line":31,"column":30}},"12":{"start":{"line":32,"column":4},"end":{"line":32,"column":35}},"13":{"start":{"line":34,"column":4},"end":{"line":34,"column":14}},"14":{"start":{"line":39,"column":34},"end":{"line":48,"column":1}},"15":{"start":{"line":40,"column":2},"end":{"line":47,"column":3}},"16":{"start":{"line":41,"column":21},"end":{"line":43,"column":30}},"17":{"start":{"line":44,"column":4},"end":{"line":44,"column":35}},"18":{"start":{"line":46,"column":4},"end":{"line":46,"column":14}},"19":{"start":{"line":51,"column":30},"end":{"line":75,"column":1}},"20":{"start":{"line":52,"column":2},"end":{"line":74,"column":3}},"21":{"start":{"line":53,"column":19},"end":{"line":53,"column":29}},"22":{"start":{"line":54,"column":31},"end":{"line":54,"column":39}},"23":{"start":{"line":56,"column":20},"end":{"line":56,"column":52}},"24":{"start":{"line":57,"column":4},"end":{"line":57,"column":70}},"25":{"start":{"line":57,"column":18},"end":{"line":57,"column":70}},"26":{"start":{"line":58,"column":4},"end":{"line":58,"column":103}},"27":{"start":{"line":58,"column":35},"end":{"line":58,"column":103}},"28":{"start":{"line":61,"column":21},"end":{"line":61,"column":90}},"29":{"start":{"line":61,"column":51},"end":{"line":61,"column":89}},"30":{"start":{"line":62,"column":4},"end":{"line":62,"column":90}},"31":{"start":{"line":62,"column":18},"end":{"line":62,"column":90}},"32":{"start":{"line":64,"column":4},"end":{"line":68,"column":7}},"33":{"start":{"line":70,"column":4},"end":{"line":70,"column":25}},"34":{"start":{"line":71,"column":4},"end":{"line":71,"column":53}},"35":{"start":{"line":73,"column":4},"end":{"line":73,"column":14}},"36":{"start":{"line":78,"column":30},"end":{"line":101,"column":1}},"37":{"start":{"line":79,"column":2},"end":{"line":100,"column":3}},"38":{"start":{"line":80,"column":31},"end":{"line":80,"column":41}},"39":{"start":{"line":81,"column":20},"end":{"line":81,"column":52}},"40":{"start":{"line":83,"column":4},"end":{"line":83,"column":70}},"41":{"start":{"line":83,"column":18},"end":{"line":83,"column":70}},"42":{"start":{"line":84,"column":4},"end":{"line":84,"column":102}},"43":{"start":{"line":84,"column":53},"end":{"line":84,"column":102}},"44":{"start":{"line":86,"column":21},"end":{"line":86,"column":53}},"45":{"start":{"line":87,"column":4},"end":{"line":87,"column":72}},"46":{"start":{"line":87,"column":19},"end":{"line":87,"column":72}},"47":{"start":{"line":90,"column":4},"end":{"line":92,"column":7}},"48":{"start":{"line":91,"column":6},"end":{"line":91,"column":75}},"49":{"start":{"line":94,"column":4},"end":{"line":94,"column":35}},"50":{"start":{"line":95,"column":4},"end":{"line":95,"column":25}},"51":{"start":{"line":97,"column":4},"end":{"line":97,"column":53}},"52":{"start":{"line":99,"column":4},"end":{"line":99,"column":14}}},"fnMap":{"0":{"name":"(anonymous_0)","decl":{"start":{"line":5,"column":29},"end":{"line":5,"column":30}},"loc":{"start":{"line":5,"column":55},"end":{"line":24,"column":1}},"line":5},"1":{"name":"(anonymous_1)","decl":{"start":{"line":27,"column":32},"end":{"line":27,"column":33}},"loc":{"start":{"line":27,"column":58},"end":{"line":36,"column":1}},"line":27},"2":{"name":"(anonymous_2)","decl":{"start":{"line":39,"column":34},"end":{"line":39,"column":35}},"loc":{"start":{"line":39,"column":60},"end":{"line":48,"column":1}},"line":39},"3":{"name":"(anonymous_3)","decl":{"start":{"line":51,"column":30},"end":{"line":51,"column":31}},"loc":{"start":{"line":51,"column":56},"end":{"line":75,"column":1}},"line":51},"4":{"name":"(anonymous_4)","decl":{"start":{"line":61,"column":44},"end":{"line":61,"column":45}},"loc":{"start":{"line":61,"column":51},"end":{"line":61,"column":89}},"line":61},"5":{"name":"(anonymous_5)","decl":{"start":{"line":78,"column":30},"end":{"line":78,"column":31}},"loc":{"start":{"line":78,"column":56},"end":{"line":101,"column":1}},"line":78},"6":{"name":"(anonymous_6)","decl":{"start":{"line":90,"column":30},"end":{"line":90,"column":31}},"loc":{"start":{"line":90,"column":37},"end":{"line":92,"column":5}},"line":90}},"branchMap":{"0":{"loc":{"start":{"line":8,"column":4},"end":{"line":10,"column":5}},"type":"if","locations":[{"start":{"line":8,"column":4},"end":{"line":10,"column":5}},{"start":{},"end":{}}],"line":8},"1":{"loc":{"start":{"line":8,"column":8},"end":{"line":8,"column":30}},"type":"binary-expr","locations":[{"start":{"line":8,"column":8},"end":{"line":8,"column":14}},{"start":{"line":8,"column":18},"end":{"line":8,"column":30}}],"line":8},"2":{"loc":{"start":{"line":16,"column":14},"end":{"line":16,"column":25}},"type":"binary-expr","locations":[{"start":{"line":16,"column":14},"end":{"line":16,"column":20}},{"start":{"line":16,"column":24},"end":{"line":16,"column":25}}],"line":16},"3":{"loc":{"start":{"line":57,"column":4},"end":{"line":57,"column":70}},"type":"if","locations":[{"start":{"line":57,"column":4},"end":{"line":57,"column":70}},{"start":{},"end":{}}],"line":57},"4":{"loc":{"start":{"line":58,"column":4},"end":{"line":58,"column":103}},"type":"if","locations":[{"start":{"line":58,"column":4},"end":{"line":58,"column":103}},{"start":{},"end":{}}],"line":58},"5":{"loc":{"start":{"line":62,"column":4},"end":{"line":62,"column":90}},"type":"if","locations":[{"start":{"line":62,"column":4},"end":{"line":62,"column":90}},{"start":{},"end":{}}],"line":62},"6":{"loc":{"start":{"line":83,"column":4},"end":{"line":83,"column":70}},"type":"if","locations":[{"start":{"line":83,"column":4},"end":{"line":83,"column":70}},{"start":{},"end":{}}],"line":83},"7":{"loc":{"start":{"line":84,"column":4},"end":{"line":84,"column":102}},"type":"if","locations":[{"start":{"line":84,"column":4},"end":{"line":84,"column":102}},{"start":{},"end":{}}],"line":84},"8":{"loc":{"start":{"line":87,"column":4},"end":{"line":87,"column":72}},"type":"if","locations":[{"start":{"line":87,"column":4},"end":{"line":87,"column":72}},{"start":{},"end":{}}],"line":87},"9":{"loc":{"start":{"line":91,"column":17},"end":{"line":91,"column":74}},"type":"cond-expr","locations":[{"start":{"line":91,"column":51},"end":{"line":91,"column":61}},{"start":{"line":91,"column":64},"end":{"line":91,"column":74}}],"line":91}},"s":{"0":0,"1":0,"2":0,"3":0,"4":0,"5":0,"6":0,"7":0,"8":0,"9":0,"10":0,"11":0,"12":0,"13":0,"14":0,"15":0,"16":0,"17":0,"18":0,"19":0,"20":0,"21":0,"22":0,"23":0,"24":0,"25":0,"26":0,"27":0,"28":0,"29":0,"30":0,"31":0,"32":0,"33":0,"34":0,"35":0,"36":0,"37":0,"38":0,"39":0,"40":0,"41":0,"42":0,"43":0,"44":0,"45":0,"46":0,"47":0,"48":0,"49":0,"50":0,"51":0,"52":0},"f":{"0":0,"1":0,"2":0,"3":0,"4":0,"5":0,"6":0},"b":{"0":[0,0],"1":[0,0],"2":[0,0],"3":[0,0],"4":[0,0],"5":[0,0],"6":[0,0],"7":[0,0],"8":[0,0],"9":[0,0]},"inputSourceMap":null}
,"C:\\Users\\maddi\\OneDrive\\Documents\\GardenlyReact\\GardenlyReact\\api\\controllers\\delivery.controller.js": {"path":"C:\\Users\\maddi\\OneDrive\\Documents\\GardenlyReact\\GardenlyReact\\api\\controllers\\delivery.controller.js","statementMap":{"0":{"start":{"line":7,"column":33},"end":{"line":14,"column":1}},"1":{"start":{"line":8,"column":2},"end":{"line":13,"column":3}},"2":{"start":{"line":9,"column":19},"end":{"line":9,"column":81}},"3":{"start":{"line":10,"column":4},"end":{"line":10,"column":52}},"4":{"start":{"line":12,"column":4},"end":{"line":12,"column":14}},"5":{"start":{"line":17,"column":35},"end":{"line":30,"column":1}},"6":{"start":{"line":18,"column":2},"end":{"line":29,"column":3}},"7":{"start":{"line":19,"column":19},"end":{"line":24,"column":46}},"8":{"start":{"line":26,"column":4},"end":{"line":26,"column":52}},"9":{"start":{"line":28,"column":4},"end":{"line":28,"column":14}},"10":{"start":{"line":33,"column":34},"end":{"line":65,"column":1}},"11":{"start":{"line":34,"column":22},"end":{"line":34,"column":32}},"12":{"start":{"line":35,"column":22},"end":{"line":35,"column":30}},"13":{"start":{"line":37,"column":2},"end":{"line":64,"column":3}},"14":{"start":{"line":39,"column":18},"end":{"line":39,"column":46}},"15":{"start":{"line":40,"column":4},"end":{"line":42,"column":5}},"16":{"start":{"line":41,"column":6},"end":{"line":41,"column":63}},"17":{"start":{"line":45,"column":18},"end":{"line":55,"column":43}},"18":{"start":{"line":57,"column":4},"end":{"line":59,"column":5}},"19":{"start":{"line":58,"column":6},"end":{"line":58,"column":56}},"20":{"start":{"line":61,"column":4},"end":{"line":61,"column":91}},"21":{"start":{"line":63,"column":4},"end":{"line":63,"column":14}},"22":{"start":{"line":68,"column":34},"end":{"line":83,"column":1}},"23":{"start":{"line":69,"column":26},"end":{"line":69,"column":34}},"24":{"start":{"line":71,"column":2},"end":{"line":82,"column":3}},"25":{"start":{"line":72,"column":19},"end":{"line":77,"column":31}},"26":{"start":{"line":79,"column":4},"end":{"line":79,"column":52}},"27":{"start":{"line":81,"column":4},"end":{"line":81,"column":14}},"28":{"start":{"line":86,"column":36},"end":{"line":123,"column":1}},"29":{"start":{"line":87,"column":22},"end":{"line":87,"column":32}},"30":{"start":{"line":88,"column":29},"end":{"line":88,"column":37}},"31":{"start":{"line":89,"column":26},"end":{"line":89,"column":34}},"32":{"start":{"line":91,"column":2},"end":{"line":122,"column":3}},"33":{"start":{"line":92,"column":26},"end":{"line":92,"column":102}},"34":{"start":{"line":93,"column":4},"end":{"line":95,"column":5}},"35":{"start":{"line":94,"column":6},"end":{"line":94,"column":64}},"36":{"start":{"line":98,"column":18},"end":{"line":98,"column":47}},"37":{"start":{"line":99,"column":4},"end":{"line":101,"column":5}},"38":{"start":{"line":100,"column":6},"end":{"line":100,"column":56}},"39":{"start":{"line":103,"column":4},"end":{"line":105,"column":5}},"40":{"start":{"line":104,"column":6},"end":{"line":104,"column":75}},"41":{"start":{"line":108,"column":23},"end":{"line":108,"column":41}},"42":{"start":{"line":109,"column":4},"end":{"line":111,"column":5}},"43":{"start":{"line":110,"column":6},"end":{"line":110,"column":42}},"44":{"start":{"line":113,"column":25},"end":{"line":117,"column":43}},"45":{"start":{"line":119,"column":4},"end":{"line":119,"column":101}},"46":{"start":{"line":121,"column":4},"end":{"line":121,"column":14}},"47":{"start":{"line":126,"column":29},"end":{"line":148,"column":1}},"48":{"start":{"line":127,"column":26},"end":{"line":127,"column":34}},"49":{"start":{"line":129,"column":2},"end":{"line":147,"column":3}},"50":{"start":{"line":130,"column":18},"end":{"line":130,"column":74}},"51":{"start":{"line":131,"column":22},"end":{"line":134,"column":6}},"52":{"start":{"line":135,"column":19},"end":{"line":138,"column":6}},"53":{"start":{"line":139,"column":20},"end":{"line":139,"column":46}},"54":{"start":{"line":141,"column":4},"end":{"line":144,"column":7}},"55":{"start":{"line":146,"column":4},"end":{"line":146,"column":14}}},"fnMap":{"0":{"name":"(anonymous_0)","decl":{"start":{"line":7,"column":33},"end":{"line":7,"column":34}},"loc":{"start":{"line":7,"column":59},"end":{"line":14,"column":1}},"line":7},"1":{"name":"(anonymous_1)","decl":{"start":{"line":17,"column":35},"end":{"line":17,"column":36}},"loc":{"start":{"line":17,"column":61},"end":{"line":30,"column":1}},"line":17},"2":{"name":"(anonymous_2)","decl":{"start":{"line":33,"column":34},"end":{"line":33,"column":35}},"loc":{"start":{"line":33,"column":60},"end":{"line":65,"column":1}},"line":33},"3":{"name":"(anonymous_3)","decl":{"start":{"line":68,"column":34},"end":{"line":68,"column":35}},"loc":{"start":{"line":68,"column":60},"end":{"line":83,"column":1}},"line":68},"4":{"name":"(anonymous_4)","decl":{"start":{"line":86,"column":36},"end":{"line":86,"column":37}},"loc":{"start":{"line":86,"column":62},"end":{"line":123,"column":1}},"line":86},"5":{"name":"(anonymous_5)","decl":{"start":{"line":126,"column":29},"end":{"line":126,"column":30}},"loc":{"start":{"line":126,"column":55},"end":{"line":148,"column":1}},"line":126}},"branchMap":{"0":{"loc":{"start":{"line":40,"column":4},"end":{"line":42,"column":5}},"type":"if","locations":[{"start":{"line":40,"column":4},"end":{"line":42,"column":5}},{"start":{},"end":{}}],"line":40},"1":{"loc":{"start":{"line":40,"column":8},"end":{"line":40,"column":48}},"type":"binary-expr","locations":[{"start":{"line":40,"column":8},"end":{"line":40,"column":14}},{"start":{"line":40,"column":18},"end":{"line":40,"column":48}}],"line":40},"2":{"loc":{"start":{"line":57,"column":4},"end":{"line":59,"column":5}},"type":"if","locations":[{"start":{"line":57,"column":4},"end":{"line":59,"column":5}},{"start":{},"end":{}}],"line":57},"3":{"loc":{"start":{"line":93,"column":4},"end":{"line":95,"column":5}},"type":"if","locations":[{"start":{"line":93,"column":4},"end":{"line":95,"column":5}},{"start":{},"end":{}}],"line":93},"4":{"loc":{"start":{"line":99,"column":4},"end":{"line":101,"column":5}},"type":"if","locations":[{"start":{"line":99,"column":4},"end":{"line":101,"column":5}},{"start":{},"end":{}}],"line":99},"5":{"loc":{"start":{"line":103,"column":4},"end":{"line":105,"column":5}},"type":"if","locations":[{"start":{"line":103,"column":4},"end":{"line":105,"column":5}},{"start":{},"end":{}}],"line":103},"6":{"loc":{"start":{"line":109,"column":4},"end":{"line":111,"column":5}},"type":"if","locations":[{"start":{"line":109,"column":4},"end":{"line":111,"column":5}},{"start":{},"end":{}}],"line":109}},"s":{"0":0,"1":0,"2":0,"3":0,"4":0,"5":0,"6":0,"7":0,"8":0,"9":0,"10":0,"11":0,"12":0,"13":0,"14":0,"15":0,"16":0,"17":0,"18":0,"19":0,"20":0,"21":0,"22":0,"23":0,"24":0,"25":0,"26":0,"27":0,"28":0,"29":0,"30":0,"31":0,"32":0,"33":0,"34":0,"35":0,"36":0,"37":0,"38":0,"39":0,"40":0,"41":0,"42":0,"43":0,"44":0,"45":0,"46":0,"47":0,"48":0,"49":0,"50":0,"51":0,"52":0,"53":0,"54":0,"55":0},"f":{"0":0,"1":0,"2":0,"3":0,"4":0,"5":0},"b":{"0":[0,0],"1":[0,0],"2":[0,0],"3":[0,0],"4":[0,0],"5":[0,0],"6":[0,0]},"inputSourceMap":null}
,"C:\\Users\\maddi\\OneDrive\\Documents\\GardenlyReact\\GardenlyReact\\api\\controllers\\order.controller.js": {"path":"C:\\Users\\maddi\\OneDrive\\Documents\\GardenlyReact\\GardenlyReact\\api\\controllers\\order.controller.js","statementMap":{"0":{"start":{"line":10,"column":20},"end":{"line":11,"column":56}},"1":{"start":{"line":11,"column":2},"end":{"line":11,"column":56}},"2":{"start":{"line":17,"column":28},"end":{"line":133,"column":1}},"3":{"start":{"line":19,"column":4},"end":{"line":19,"column":12}},"4":{"start":{"line":21,"column":2},"end":{"line":132,"column":3}},"5":{"start":{"line":23,"column":4},"end":{"line":27,"column":5}},"6":{"start":{"line":24,"column":6},"end":{"line":26,"column":8}},"7":{"start":{"line":30,"column":17},"end":{"line":32,"column":5}},"8":{"start":{"line":34,"column":4},"end":{"line":36,"column":5}},"9":{"start":{"line":35,"column":6},"end":{"line":35,"column":60}},"10":{"start":{"line":39,"column":18},"end":{"line":39,"column":62}},"11":{"start":{"line":39,"column":43},"end":{"line":39,"column":61}},"12":{"start":{"line":41,"column":4},"end":{"line":50,"column":5}},"13":{"start":{"line":42,"column":6},"end":{"line":42,"column":22}},"14":{"start":{"line":43,"column":6},"end":{"line":43,"column":24}},"15":{"start":{"line":44,"column":6},"end":{"line":49,"column":8}},"16":{"start":{"line":53,"column":4},"end":{"line":59,"column":5}},"17":{"start":{"line":54,"column":6},"end":{"line":57,"column":10}},"18":{"start":{"line":54,"column":37},"end":{"line":57,"column":7}},"19":{"start":{"line":58,"column":6},"end":{"line":58,"column":24}},"20":{"start":{"line":64,"column":16},"end":{"line":64,"column":17}},"21":{"start":{"line":65,"column":31},"end":{"line":65,"column":32}},"22":{"start":{"line":67,"column":23},"end":{"line":90,"column":6}},"23":{"start":{"line":68,"column":20},"end":{"line":68,"column":43}},"24":{"start":{"line":69,"column":23},"end":{"line":69,"column":36}},"25":{"start":{"line":71,"column":24},"end":{"line":71,"column":40}},"26":{"start":{"line":74,"column":30},"end":{"line":74,"column":58}},"27":{"start":{"line":77,"column":28},"end":{"line":77,"column":55}},"28":{"start":{"line":79,"column":6},"end":{"line":79,"column":25}},"29":{"start":{"line":80,"column":6},"end":{"line":80,"column":46}},"30":{"start":{"line":82,"column":6},"end":{"line":89,"column":8}},"31":{"start":{"line":92,"column":4},"end":{"line":99,"column":5}},"32":{"start":{"line":93,"column":6},"end":{"line":98,"column":8}},"33":{"start":{"line":102,"column":17},"end":{"line":102,"column":49}},"34":{"start":{"line":103,"column":4},"end":{"line":103,"column":65}},"35":{"start":{"line":103,"column":15},"end":{"line":103,"column":65}},"36":{"start":{"line":105,"column":16},"end":{"line":105,"column":29}},"37":{"start":{"line":106,"column":20},"end":{"line":106,"column":57}},"38":{"start":{"line":109,"column":18},"end":{"line":118,"column":6}},"39":{"start":{"line":120,"column":4},"end":{"line":120,"column":23}},"40":{"start":{"line":123,"column":4},"end":{"line":123,"column":39}},"41":{"start":{"line":125,"column":4},"end":{"line":129,"column":7}},"42":{"start":{"line":131,"column":4},"end":{"line":131,"column":14}},"43":{"start":{"line":139,"column":30},"end":{"line":211,"column":1}},"44":{"start":{"line":140,"column":27},"end":{"line":140,"column":35}},"45":{"start":{"line":142,"column":2},"end":{"line":210,"column":3}},"46":{"start":{"line":143,"column":4},"end":{"line":145,"column":5}},"47":{"start":{"line":144,"column":6},"end":{"line":144,"column":71}},"48":{"start":{"line":148,"column":18},"end":{"line":151,"column":32}},"49":{"start":{"line":153,"column":4},"end":{"line":153,"column":67}},"50":{"start":{"line":153,"column":16},"end":{"line":153,"column":67}},"51":{"start":{"line":154,"column":4},"end":{"line":158,"column":5}},"52":{"start":{"line":155,"column":6},"end":{"line":157,"column":8}},"53":{"start":{"line":160,"column":4},"end":{"line":162,"column":5}},"54":{"start":{"line":161,"column":6},"end":{"line":161,"column":53}},"55":{"start":{"line":164,"column":4},"end":{"line":166,"column":5}},"56":{"start":{"line":165,"column":6},"end":{"line":165,"column":71}},"57":{"start":{"line":169,"column":4},"end":{"line":188,"column":5}},"58":{"start":{"line":170,"column":6},"end":{"line":170,"column":34}},"59":{"start":{"line":170,"column":25},"end":{"line":170,"column":34}},"60":{"start":{"line":172,"column":22},"end":{"line":172,"column":62}},"61":{"start":{"line":173,"column":6},"end":{"line":173,"column":29}},"62":{"start":{"line":173,"column":20},"end":{"line":173,"column":29}},"63":{"start":{"line":175,"column":6},"end":{"line":182,"column":7}},"64":{"start":{"line":176,"column":8},"end":{"line":181,"column":10}},"65":{"start":{"line":184,"column":6},"end":{"line":184,"column":40}},"66":{"start":{"line":185,"column":6},"end":{"line":185,"column":57}},"67":{"start":{"line":186,"column":6},"end":{"line":186,"column":34}},"68":{"start":{"line":187,"column":6},"end":{"line":187,"column":27}},"69":{"start":{"line":191,"column":17},"end":{"line":191,"column":61}},"70":{"start":{"line":192,"column":4},"end":{"line":195,"column":5}},"71":{"start":{"line":193,"column":6},"end":{"line":193,"column":22}},"72":{"start":{"line":194,"column":6},"end":{"line":194,"column":24}},"73":{"start":{"line":198,"column":4},"end":{"line":198,"column":31}},"74":{"start":{"line":199,"column":4},"end":{"line":199,"column":26}},"75":{"start":{"line":200,"column":4},"end":{"line":200,"column":35}},"76":{"start":{"line":201,"column":4},"end":{"line":201,"column":23}},"77":{"start":{"line":203,"column":4},"end":{"line":207,"column":7}},"78":{"start":{"line":209,"column":4},"end":{"line":209,"column":14}}},"fnMap":{"0":{"name":"(anonymous_0)","decl":{"start":{"line":10,"column":20},"end":{"line":10,"column":21}},"loc":{"start":{"line":11,"column":2},"end":{"line":11,"column":56}},"line":11},"1":{"name":"(anonymous_1)","decl":{"start":{"line":17,"column":28},"end":{"line":17,"column":29}},"loc":{"start":{"line":17,"column":54},"end":{"line":133,"column":1}},"line":17},"2":{"name":"(anonymous_2)","decl":{"start":{"line":39,"column":36},"end":{"line":39,"column":37}},"loc":{"start":{"line":39,"column":43},"end":{"line":39,"column":61}},"line":39},"3":{"name":"(anonymous_3)","decl":{"start":{"line":54,"column":29},"end":{"line":54,"column":30}},"loc":{"start":{"line":54,"column":37},"end":{"line":57,"column":7}},"line":54},"4":{"name":"(anonymous_4)","decl":{"start":{"line":67,"column":33},"end":{"line":67,"column":34}},"loc":{"start":{"line":67,"column":43},"end":{"line":90,"column":5}},"line":67},"5":{"name":"(anonymous_5)","decl":{"start":{"line":139,"column":30},"end":{"line":139,"column":31}},"loc":{"start":{"line":139,"column":56},"end":{"line":211,"column":1}},"line":139}},"branchMap":{"0":{"loc":{"start":{"line":23,"column":4},"end":{"line":27,"column":5}},"type":"if","locations":[{"start":{"line":23,"column":4},"end":{"line":27,"column":5}},{"start":{},"end":{}}],"line":23},"1":{"loc":{"start":{"line":23,"column":8},"end":{"line":23,"column":71}},"type":"binary-expr","locations":[{"start":{"line":23,"column":8},"end":{"line":23,"column":17}},{"start":{"line":23,"column":21},"end":{"line":23,"column":27}},{"start":{"line":23,"column":31},"end":{"line":23,"column":40}},{"start":{"line":23,"column":44},"end":{"line":23,"column":49}},{"start":{"line":23,"column":53},"end":{"line":23,"column":59}},{"start":{"line":23,"column":63},"end":{"line":23,"column":71}}],"line":23},"2":{"loc":{"start":{"line":34,"column":4},"end":{"line":36,"column":5}},"type":"if","locations":[{"start":{"line":34,"column":4},"end":{"line":36,"column":5}},{"start":{},"end":{}}],"line":34},"3":{"loc":{"start":{"line":34,"column":8},"end":{"line":34,"column":55}},"type":"binary-expr","locations":[{"start":{"line":34,"column":8},"end":{"line":34,"column":13}},{"start":{"line":34,"column":17},"end":{"line":34,"column":28}},{"start":{"line":34,"column":32},"end":{"line":34,"column":55}}],"line":34},"4":{"loc":{"start":{"line":41,"column":4},"end":{"line":50,"column":5}},"type":"if","locations":[{"start":{"line":41,"column":4},"end":{"line":50,"column":5}},{"start":{},"end":{}}],"line":41},"5":{"loc":{"start":{"line":53,"column":4},"end":{"line":59,"column":5}},"type":"if","locations":[{"start":{"line":53,"column":4},"end":{"line":59,"column":5}},{"start":{},"end":{}}],"line":53},"6":{"loc":{"start":{"line":68,"column":20},"end":{"line":68,"column":43}},"type":"binary-expr","locations":[{"start":{"line":68,"column":20},"end":{"line":68,"column":38}},{"start":{"line":68,"column":42},"end":{"line":68,"column":43}}],"line":68},"7":{"loc":{"start":{"line":92,"column":4},"end":{"line":99,"column":5}},"type":"if","locations":[{"start":{"line":92,"column":4},"end":{"line":99,"column":5}},{"start":{},"end":{}}],"line":92},"8":{"loc":{"start":{"line":103,"column":4},"end":{"line":103,"column":65}},"type":"if","locations":[{"start":{"line":103,"column":4},"end":{"line":103,"column":65}},{"start":{},"end":{}}],"line":103},"9":{"loc":{"start":{"line":143,"column":4},"end":{"line":145,"column":5}},"type":"if","locations":[{"start":{"line":143,"column":4},"end":{"line":145,"column":5}},{"start":{},"end":{}}],"line":143},"10":{"loc":{"start":{"line":143,"column":8},"end":{"line":143,"column":24}},"type":"binary-expr","locations":[{"start":{"line":143,"column":8},"end":{"line":143,"column":16}},{"start":{"line":143,"column":20},"end":{"line":143,"column":24}}],"line":143},"11":{"loc":{"start":{"line":153,"column":4},"end":{"line":153,"column":67}},"type":"if","locations":[{"start":{"line":153,"column":4},"end":{"line":153,"column":67}},{"start":{},"end":{}}],"line":153},"12":{"loc":{"start":{"line":154,"column":4},"end":{"line":158,"column":5}},"type":"if","locations":[{"start":{"line":154,"column":4},"end":{"line":158,"column":5}},{"start":{},"end":{}}],"line":154},"13":{"loc":{"start":{"line":160,"column":4},"end":{"line":162,"column":5}},"type":"if","locations":[{"start":{"line":160,"column":4},"end":{"line":162,"column":5}},{"start":{},"end":{}}],"line":160},"14":{"loc":{"start":{"line":160,"column":8},"end":{"line":160,"column":39}},"type":"binary-expr","locations":[{"start":{"line":160,"column":8},"end":{"line":160,"column":18}},{"start":{"line":160,"column":22},"end":{"line":160,"column":39}}],"line":160},"15":{"loc":{"start":{"line":164,"column":4},"end":{"line":166,"column":5}},"type":"if","locations":[{"start":{"line":164,"column":4},"end":{"line":166,"column":5}},{"start":{},"end":{}}],"line":164},"16":{"loc":{"start":{"line":164,"column":8},"end":{"line":164,"column":61}},"type":"binary-expr","locations":[{"start":{"line":164,"column":8},"end":{"line":164,"column":26}},{"start":{"line":164,"column":30},"end":{"line":164,"column":61}}],"line":164},"17":{"loc":{"start":{"line":170,"column":6},"end":{"line":170,"column":34}},"type":"if","locations":[{"start":{"line":170,"column":6},"end":{"line":170,"column":34}},{"start":{},"end":{}}],"line":170},"18":{"loc":{"start":{"line":173,"column":6},"end":{"line":173,"column":29}},"type":"if","locations":[{"start":{"line":173,"column":6},"end":{"line":173,"column":29}},{"start":{},"end":{}}],"line":173},"19":{"loc":{"start":{"line":175,"column":6},"end":{"line":182,"column":7}},"type":"if","locations":[{"start":{"line":175,"column":6},"end":{"line":182,"column":7}},{"start":{},"end":{}}],"line":175},"20":{"loc":{"start":{"line":185,"column":22},"end":{"line":185,"column":39}},"type":"binary-expr","locations":[{"start":{"line":185,"column":22},"end":{"line":185,"column":34}},{"start":{"line":185,"column":38},"end":{"line":185,"column":39}}],"line":185},"21":{"loc":{"start":{"line":192,"column":4},"end":{"line":195,"column":5}},"type":"if","locations":[{"start":{"line":192,"column":4},"end":{"line":195,"column":5}},{"start":{},"end":{}}],"line":192}},"s":{"0":1,"1":0,"2":1,"3":0,"4":0,"5":0,"6":0,"7":0,"8":0,"9":0,"10":0,"11":0,"12":0,"13":0,"14":0,"15":0,"16":0,"17":0,"18":0,"19":0,"20":0,"21":0,"22":0,"23":0,"24":0,"25":0,"26":0,"27":0,"28":0,"29":0,"30":0,"31":0,"32":0,"33":0,"34":0,"35":0,"36":0,"37":0,"38":0,"39":0,"40":0,"41":0,"42":0,"43":1,"44":0,"45":0,"46":0,"47":0,"48":0,"49":0,"50":0,"51":0,"52":0,"53":0,"54":0,"55":0,"56":0,"57":0,"58":0,"59":0,"60":0,"61":0,"62":0,"63":0,"64":0,"65":0,"66":0,"67":0,"68":0,"69":0,"70":0,"71":0,"72":0,"73":0,"74":0,"75":0,"76":0,"77":0,"78":0},"f":{"0":0,"1":0,"2":0,"3":0,"4":0,"5":0},"b":{"0":[0,0],"1":[0,0,0,0,0,0],"2":[0,0],"3":[0,0,0],"4":[0,0],"5":[0,0],"6":[0,0],"7":[0,0],"8":[0,0],"9":[0,0],"10":[0,0],"11":[0,0],"12":[0,0],"13":[0,0],"14":[0,0],"15":[0,0],"16":[0,0],"17":[0,0],"18":[0,0],"19":[0,0],"20":[0,0],"21":[0,0]},"inputSourceMap":null,"_coverageSchema":"1a1c01bbd47fc00a2c39e90264f33305004495a9","hash":"540c7290fc8da7da4b5a0ff0a59abfa69a8b7172"}
,"C:\\Users\\maddi\\OneDrive\\Documents\\GardenlyReact\\GardenlyReact\\api\\controllers\\product.controller.js": {"path":"C:\\Users\\maddi\\OneDrive\\Documents\\GardenlyReact\\GardenlyReact\\api\\controllers\\product.controller.js","statementMap":{"0":{"start":{"line":8,"column":33},"end":{"line":29,"column":1}},"1":{"start":{"line":9,"column":2},"end":{"line":28,"column":3}},"2":{"start":{"line":10,"column":17},"end":{"line":10,"column":46}},"3":{"start":{"line":11,"column":18},"end":{"line":11,"column":49}},"4":{"start":{"line":12,"column":17},"end":{"line":12,"column":35}},"5":{"start":{"line":14,"column":18},"end":{"line":14,"column":48}},"6":{"start":{"line":15,"column":21},"end":{"line":18,"column":19}},"7":{"start":{"line":20,"column":4},"end":{"line":25,"column":7}},"8":{"start":{"line":27,"column":4},"end":{"line":27,"column":14}},"9":{"start":{"line":31,"column":37},"end":{"line":53,"column":1}},"10":{"start":{"line":32,"column":2},"end":{"line":52,"column":3}},"11":{"start":{"line":33,"column":25},"end":{"line":33,"column":35}},"12":{"start":{"line":34,"column":17},"end":{"line":34,"column":46}},"13":{"start":{"line":35,"column":18},"end":{"line":35,"column":49}},"14":{"start":{"line":36,"column":17},"end":{"line":36,"column":35}},"15":{"start":{"line":38,"column":18},"end":{"line":38,"column":60}},"16":{"start":{"line":39,"column":21},"end":{"line":42,"column":19}},"17":{"start":{"line":44,"column":4},"end":{"line":49,"column":7}},"18":{"start":{"line":51,"column":4},"end":{"line":51,"column":14}},"19":{"start":{"line":56,"column":30},"end":{"line":88,"column":1}},"20":{"start":{"line":57,"column":2},"end":{"line":87,"column":3}},"21":{"start":{"line":58,"column":14},"end":{"line":58,"column":40}},"22":{"start":{"line":59,"column":4},"end":{"line":64,"column":5}},"23":{"start":{"line":60,"column":6},"end":{"line":63,"column":9}},"24":{"start":{"line":67,"column":24},"end":{"line":67,"column":43}},"25":{"start":{"line":70,"column":23},"end":{"line":70,"column":53}},"26":{"start":{"line":70,"column":46},"end":{"line":70,"column":52}},"27":{"start":{"line":73,"column":21},"end":{"line":75,"column":6}},"28":{"start":{"line":78,"column":27},"end":{"line":78,"column":107}},"29":{"start":{"line":78,"column":48},"end":{"line":78,"column":91}},"30":{"start":{"line":78,"column":67},"end":{"line":78,"column":90}},"31":{"start":{"line":78,"column":105},"end":{"line":78,"column":106}},"32":{"start":{"line":80,"column":4},"end":{"line":84,"column":7}},"33":{"start":{"line":86,"column":4},"end":{"line":86,"column":14}},"34":{"start":{"line":91,"column":26},"end":{"line":135,"column":1}},"35":{"start":{"line":92,"column":2},"end":{"line":134,"column":3}},"36":{"start":{"line":93,"column":61},"end":{"line":93,"column":69}},"37":{"start":{"line":95,"column":4},"end":{"line":100,"column":5}},"38":{"start":{"line":96,"column":6},"end":{"line":99,"column":9}},"39":{"start":{"line":102,"column":4},"end":{"line":107,"column":5}},"40":{"start":{"line":103,"column":6},"end":{"line":106,"column":9}},"41":{"start":{"line":109,"column":21},"end":{"line":109,"column":34}},"42":{"start":{"line":111,"column":23},"end":{"line":119,"column":6}},"43":{"start":{"line":121,"column":25},"end":{"line":121,"column":48}},"44":{"start":{"line":124,"column":4},"end":{"line":124,"column":33}},"45":{"start":{"line":126,"column":4},"end":{"line":130,"column":7}},"46":{"start":{"line":132,"column":4},"end":{"line":132,"column":45}},"47":{"start":{"line":133,"column":4},"end":{"line":133,"column":14}},"48":{"start":{"line":137,"column":33},"end":{"line":146,"column":1}},"49":{"start":{"line":138,"column":2},"end":{"line":145,"column":3}},"50":{"start":{"line":139,"column":21},"end":{"line":141,"column":6}},"51":{"start":{"line":142,"column":4},"end":{"line":142,"column":35}},"52":{"start":{"line":144,"column":4},"end":{"line":144,"column":14}},"53":{"start":{"line":148,"column":27},"end":{"line":157,"column":1}},"54":{"start":{"line":149,"column":2},"end":{"line":156,"column":3}},"55":{"start":{"line":150,"column":21},"end":{"line":152,"column":15}},"56":{"start":{"line":153,"column":4},"end":{"line":153,"column":35}},"57":{"start":{"line":155,"column":4},"end":{"line":155,"column":14}},"58":{"start":{"line":159,"column":30},"end":{"line":168,"column":1}},"59":{"start":{"line":160,"column":2},"end":{"line":167,"column":3}},"60":{"start":{"line":161,"column":21},"end":{"line":163,"column":15}},"61":{"start":{"line":164,"column":4},"end":{"line":164,"column":35}},"62":{"start":{"line":166,"column":4},"end":{"line":166,"column":14}},"63":{"start":{"line":170,"column":29},"end":{"line":203,"column":1}},"64":{"start":{"line":171,"column":2},"end":{"line":202,"column":3}},"65":{"start":{"line":172,"column":61},"end":{"line":172,"column":69}},"66":{"start":{"line":174,"column":27},"end":{"line":184,"column":5}},"67":{"start":{"line":186,"column":4},"end":{"line":190,"column":5}},"68":{"start":{"line":187,"column":6},"end":{"line":189,"column":64}},"69":{"start":{"line":193,"column":4},"end":{"line":193,"column":33}},"70":{"start":{"line":195,"column":4},"end":{"line":199,"column":7}},"71":{"start":{"line":201,"column":4},"end":{"line":201,"column":14}},"72":{"start":{"line":205,"column":29},"end":{"line":228,"column":1}},"73":{"start":{"line":206,"column":2},"end":{"line":227,"column":3}},"74":{"start":{"line":207,"column":20},"end":{"line":210,"column":6}},"75":{"start":{"line":212,"column":4},"end":{"line":216,"column":5}},"76":{"start":{"line":213,"column":6},"end":{"line":215,"column":64}},"77":{"start":{"line":219,"column":4},"end":{"line":219,"column":33}},"78":{"start":{"line":221,"column":4},"end":{"line":224,"column":7}},"79":{"start":{"line":226,"column":4},"end":{"line":226,"column":14}}},"fnMap":{"0":{"name":"(anonymous_0)","decl":{"start":{"line":8,"column":33},"end":{"line":8,"column":34}},"loc":{"start":{"line":8,"column":59},"end":{"line":29,"column":1}},"line":8},"1":{"name":"(anonymous_1)","decl":{"start":{"line":31,"column":37},"end":{"line":31,"column":38}},"loc":{"start":{"line":31,"column":63},"end":{"line":53,"column":1}},"line":31},"2":{"name":"(anonymous_2)","decl":{"start":{"line":56,"column":30},"end":{"line":56,"column":31}},"loc":{"start":{"line":56,"column":56},"end":{"line":88,"column":1}},"line":56},"3":{"name":"(anonymous_3)","decl":{"start":{"line":70,"column":39},"end":{"line":70,"column":40}},"loc":{"start":{"line":70,"column":46},"end":{"line":70,"column":52}},"line":70},"4":{"name":"(anonymous_4)","decl":{"start":{"line":78,"column":42},"end":{"line":78,"column":43}},"loc":{"start":{"line":78,"column":48},"end":{"line":78,"column":91}},"line":78},"5":{"name":"(anonymous_5)","decl":{"start":{"line":78,"column":62},"end":{"line":78,"column":63}},"loc":{"start":{"line":78,"column":67},"end":{"line":78,"column":90}},"line":78},"6":{"name":"(anonymous_6)","decl":{"start":{"line":78,"column":100},"end":{"line":78,"column":101}},"loc":{"start":{"line":78,"column":105},"end":{"line":78,"column":106}},"line":78},"7":{"name":"(anonymous_7)","decl":{"start":{"line":91,"column":26},"end":{"line":91,"column":27}},"loc":{"start":{"line":91,"column":52},"end":{"line":135,"column":1}},"line":91},"8":{"name":"(anonymous_8)","decl":{"start":{"line":137,"column":33},"end":{"line":137,"column":34}},"loc":{"start":{"line":137,"column":59},"end":{"line":146,"column":1}},"line":137},"9":{"name":"(anonymous_9)","decl":{"start":{"line":148,"column":27},"end":{"line":148,"column":28}},"loc":{"start":{"line":148,"column":53},"end":{"line":157,"column":1}},"line":148},"10":{"name":"(anonymous_10)","decl":{"start":{"line":159,"column":30},"end":{"line":159,"column":31}},"loc":{"start":{"line":159,"column":56},"end":{"line":168,"column":1}},"line":159},"11":{"name":"(anonymous_11)","decl":{"start":{"line":170,"column":29},"end":{"line":170,"column":30}},"loc":{"start":{"line":170,"column":55},"end":{"line":203,"column":1}},"line":170},"12":{"name":"(anonymous_12)","decl":{"start":{"line":205,"column":29},"end":{"line":205,"column":30}},"loc":{"start":{"line":205,"column":55},"end":{"line":228,"column":1}},"line":205}},"branchMap":{"0":{"loc":{"start":{"line":10,"column":17},"end":{"line":10,"column":46}},"type":"binary-expr","locations":[{"start":{"line":10,"column":17},"end":{"line":10,"column":41}},{"start":{"line":10,"column":45},"end":{"line":10,"column":46}}],"line":10},"1":{"loc":{"start":{"line":11,"column":18},"end":{"line":11,"column":49}},"type":"binary-expr","locations":[{"start":{"line":11,"column":18},"end":{"line":11,"column":43}},{"start":{"line":11,"column":47},"end":{"line":11,"column":49}}],"line":11},"2":{"loc":{"start":{"line":34,"column":17},"end":{"line":34,"column":46}},"type":"binary-expr","locations":[{"start":{"line":34,"column":17},"end":{"line":34,"column":41}},{"start":{"line":34,"column":45},"end":{"line":34,"column":46}}],"line":34},"3":{"loc":{"start":{"line":35,"column":18},"end":{"line":35,"column":49}},"type":"binary-expr","locations":[{"start":{"line":35,"column":18},"end":{"line":35,"column":43}},{"start":{"line":35,"column":47},"end":{"line":35,"column":49}}],"line":35},"4":{"loc":{"start":{"line":58,"column":15},"end":{"line":58,"column":32}},"type":"binary-expr","locations":[{"start":{"line":58,"column":15},"end":{"line":58,"column":26}},{"start":{"line":58,"column":30},"end":{"line":58,"column":32}}],"line":58},"5":{"loc":{"start":{"line":59,"column":4},"end":{"line":64,"column":5}},"type":"if","locations":[{"start":{"line":59,"column":4},"end":{"line":64,"column":5}},{"start":{},"end":{}}],"line":59},"6":{"loc":{"start":{"line":95,"column":4},"end":{"line":100,"column":5}},"type":"if","locations":[{"start":{"line":95,"column":4},"end":{"line":100,"column":5}},{"start":{},"end":{}}],"line":95},"7":{"loc":{"start":{"line":95,"column":8},"end":{"line":95,"column":49}},"type":"binary-expr","locations":[{"start":{"line":95,"column":8},"end":{"line":95,"
[...]
,"C:\\Users\\maddi\\OneDrive\\Documents\\GardenlyReact\\GardenlyReact\\api\\utils\\error.js": {"path":"C:\\Users\\maddi\\OneDrive\\Documents\\GardenlyReact\\GardenlyReact\\api\\utils\\error.js","statementMap":{"0":{"start":{"line":1,"column":28},"end":{"line":11,"column":1}},"1":{"start":{"line":2,"column":16},"end":{"line":2,"column":34}},"2":{"start":{"line":3,"column":2},"end":{"line":3,"column":32}},"3":{"start":{"line":6,"column":2},"end":{"line":8,"column":3}},"4":{"start":{"line":7,"column":4},"end":{"line":7,"column":49}},"5":{"start":{"line":10,"column":2},"end":{"line":10,"column":15}}},"fnMap":{"0":{"name":"(anonymous_0)","decl":{"start":{"line":1,"column":28},"end":{"line":1,"column":29}},"loc":{"start":{"line":1,"column":53},"end":{"line":11,"column":1}},"line":1}},"branchMap":{"0":{"loc":{"start":{"line":6,"column":2},"end":{"line":8,"column":3}},"type":"if","locations":[{"start":{"line":6,"column":2},"end":{"line":8,"column":3}},{"start":{},"end":{}}],"line":6},"1":{"loc":{"start":{"line":6,"column":6},"end":{"line":6,"column":70}},"type":"binary-expr","locations":[{"start":{"line":6,"column":6},"end":{"line":6,"column":29}},{"start":{"line":6,"column":33},"end":{"line":6,"column":70}}],"line":6}},"s":{"0":4,"1":7,"2":7,"3":7,"4":7,"5":7},"f":{"0":7},"b":{"0":[7,0],"1":[7,7]},"inputSourceMap":null,"_coverageSchema":"1a1c01bbd47fc00a2c39e90264f33305004495a9","hash":"b933f0e9f9222500014abe0cfa31edf43d5db8c9"}
,"C:\\Users\\maddi\\OneDrive\\Documents\\GardenlyReact\\GardenlyReact\\api\\utils\\mailer.js": {"path":"C:\\Users\\maddi\\OneDrive\\Documents\\GardenlyReact\\GardenlyReact\\api\\utils\\mailer.js","statementMap":{"0":{"start":{"line":9,"column":19},"end":{"line":9,"column":49}},"1":{"start":{"line":10,"column":18},"end":{"line":10,"column":42}},"2":{"start":{"line":11,"column":0},"end":{"line":11,"column":60}},"3":{"start":{"line":14,"column":18},"end":{"line":14,"column":48}},"4":{"start":{"line":15,"column":18},"end":{"line":15,"column":48}},"5":{"start":{"line":17,"column":0},"end":{"line":17,"column":39}},"6":{"start":{"line":18,"column":0},"end":{"line":18,"column":57}},"7":{"start":{"line":19,"column":0},"end":{"line":19,"column":50}},"8":{"start":{"line":21,"column":0},"end":{"line":25,"column":1}},"9":{"start":{"line":22,"column":2},"end":{"line":24,"column":4}},"10":{"start":{"line":28,"column":20},"end":{"line":36,"column":2}},"11":{"start":{"line":39,"column":0},"end":{"line":45,"column":3}},"12":{"start":{"line":40,"column":2},"end":{"line":44,"column":3}},"13":{"start":{"line":41,"column":4},"end":{"line":41,"column":50}},"14":{"start":{"line":43,"column":4},"end":{"line":43,"column":49}},"15":{"start":{"line":52,"column":27},"end":{"line":95,"column":1}},"16":{"start":{"line":53,"column":2},"end":{"line":94,"column":3}},"17":{"start":{"line":54,"column":4},"end":{"line":60,"column":5}},"18":{"start":{"line":55,"column":6},"end":{"line":55,"column":76}},"19":{"start":{"line":56,"column":6},"end":{"line":59,"column":8}},"20":{"start":{"line":63,"column":6},"end":{"line":63,"column":64}},"21":{"start":{"line":65,"column":17},"end":{"line":84,"column":6}},"22":{"start":{"line":86,"column":4},"end":{"line":86,"column":53}},"23":{"start":{"line":87,"column":4},"end":{"line":87,"column":16}},"24":{"start":{"line":89,"column":4},"end":{"line":89,"column":50}},"25":{"start":{"line":90,"column":4},"end":{"line":93,"column":6}},"26":{"start":{"line":97,"column":42},"end":{"line":117,"column":1}},"27":{"start":{"line":98,"column":2},"end":{"line":116,"column":3}},"28":{"start":{"line":99,"column":17},"end":{"line":99,"column":38}},"29":{"start":{"line":100,"column":4},"end":{"line":111,"column":7}},"30":{"start":{"line":112,"column":4},"end":{"line":112,"column":16}},"31":{"start":{"line":114,"column":4},"end":{"line":114,"column":23}},"32":{"start":{"line":115,"column":4},"end":{"line":115,"column":65}},"33":{"start":{"line":119,"column":27},"end":{"line":139,"column":1}},"34":{"start":{"line":120,"column":2},"end":{"line":138,"column":3}},"35":{"start":{"line":121,"column":17},"end":{"line":121,"column":38}},"36":{"start":{"line":122,"column":4},"end":{"line":133,"column":7}},"37":{"start":{"line":134,"column":4},"end":{"line":134,"column":16}},"38":{"start":{"line":136,"column":4},"end":{"line":136,"column":23}},"39":{"start":{"line":137,"column":4},"end":{"line":137,"column":56}}},"fnMap":{"0":{"name":"(anonymous_0)","decl":{"start":{"line":39,"column":19},"end":{"line":39,"column":20}},"loc":{"start":{"line":39,"column":37},"end":{"line":45,"column":1}},"line":39},"1":{"name":"(anonymous_1)","decl":{"start":{"line":52,"column":27},"end":{"line":52,"column":28}},"loc":{"start":{"line":52,"column":46},"end":{"line":95,"column":1}},"line":52},"2":{"name":"(anonymous_2)","decl":{"start":{"line":97,"column":42},"end":{"line":97,"column":43}},"loc":{"start":{"line":97,"column":61},"end":{"line":117,"column":1}},"line":97},"3":{"name":"(anonymous_3)","decl":{"start":{"line":119,"column":27},"end":{"line":119,"column":28}},"loc":{"start":{"line":119,"column":46},"end":{"line":139,"column":1}},"line":119}},"branchMap":{"0":{"loc":{"start":{"line":21,"column":0},"end":{"line":25,"column":1}},"type":"if","locations":[{"start":{"line":21,"column":0},"end":{"line":25,"column":1}},{"start":{},"end":{}}],"line":21},"1":{"loc":{"start":{"line":21,"column":4},"end":{"line":21,"column":28}},"type":"binary-expr","locations":[{"start":{"line":21,"column":4},"end":{"line":21,"column":14}},{"start":{"line":21,"column":18},"end":{"line":21,"column":28}}],"line":21},"2":{"loc":{"start":{"line":29,"column":8},"end":{"line":29,"column":50}},"type":"binary-expr","locations":[{"start":{"line":29,"column":8},"end":{"line":29,"column":30}},{"start":{"line":29,"column":34},"end":{"line":29,"column":50}}],"line":29},"3":{"loc":{"start":{"line":30,"column":8},"end":{"line":30,"column":45}},"type":"binary-expr","locations":[{"start":{"line":30,"column":8},"end":{"line":30,"column":38}},{"start":{"line":30,"column":42},"end":{"line":30,"column":45}}],"line":30},"4":{"loc":{"start":{"line":40,"column":2},"end":{"line":44,"column":3}},"type":"if","locations":[{"start":{"line":40,"column":2},"end":{"line":44,"column":3}},{"start":{"line":42,"column":9},"end":{"line":44,"column":3}}],"line":40},"5":{"loc":{"start":{"line":54,"column":4},"end":{"line":60,"column":5}},"type":"if","locations":[{"start":{"line":54,"column":4},"end":{"line":60,"column":5}},{"start":{},"end":{}}],"line":54},"6":{"loc":{"start":{"line":54,"column":8},"end":{"line":54,"column":32}},"type":"binary-expr","locations":[{"start":{"line":54,"column":8},"end":{"line":54,"column":18}},{"start":{"line":54,"column":22},"end":{"line":54,"column":32}}],"line":54},"7":{"loc":{"start":{"line":63,"column":6},"end":{"line":63,"column":64}},"type":"binary-expr","locations":[{"start":{"line":63,"column":6},"end":{"line":63,"column":27}},{"start":{"line":63,"column":31},"end":{"line":63,"column":64}}],"line":63}},"s":{"0":1,"1":1,"2":1,"3":1,"4":1,"5":1,"6":1,"7":1,"8":1,"9":0,"10":1,"11":1,"12":0,"13":0,"14":0,"15":1,"16":0,"17":0,"18":0,"19":0,"20":0,"21":0,"22":0,"23":0,"24":0,"25":0,"26":1,"27":0,"28":0,"29":0,"30":0,"31":0,"32":0,"33":1,"34":0,"35":0,"36":0,"37":0,"38":0,"39":0},"f":{"0":0,"1":0,"2":0,"3":0},"b":{"0":[0,1],"1":[1,1],"2":[1,0],"3":[1,0],"4":[0,0],"5":[0,0],"6":[0,0],"7":[0,0]},"inputSourceMap":null,"_coverageSchema":"1a1c01bbd47fc00a2c39e90264f33305004495a9","hash":"a1479981ef92f772e6eeb83e79a589be76f0821c"}
,"C:\\Users\\maddi\\OneDrive\\Documents\\GardenlyReact\\GardenlyReact\\api\\utils\\performanceTest.js": {"path":"C:\\Users\\maddi\\OneDrive\\Documents\\GardenlyReact\\GardenlyReact\\api\\utils\\performanceTest.js","statementMap":{"0":{"start":{"line":4,"column":16},"end":{"line":4,"column":52}},"1":{"start":{"line":7,"column":2},"end":{"line":7,"column":48}},"2":{"start":{"line":9,"column":2},"end":{"line":39,"column":3}},"3":{"start":{"line":11,"column":4},"end":{"line":11,"column":58}},"4":{"start":{"line":12,"column":19},"end":{"line":12,"column":36}},"5":{"start":{"line":13,"column":17},"end":{"line":13,"column":37}},"6":{"start":{"line":14,"column":4},"end":{"line":14,"column":72}},"7":{"start":{"line":14,"column":18},"end":{"line":14,"column":72}},"8":{"start":{"line":15,"column":4},"end":{"line":15,"column":22}},"9":{"start":{"line":16,"column":17},"end":{"line":16,"column":34}},"10":{"start":{"line":17,"column":21},"end":{"line":17,"column":34}},"11":{"start":{"line":18,"column":4},"end":{"line":18,"column":66}},"12":{"start":{"line":21,"column":4},"end":{"line":21,"column":56}},"13":{"start":{"line":22,"column":19},"end":{"line":22,"column":36}},"14":{"start":{"line":23,"column":17},"end":{"line":23,"column":37}},"15":{"start":{"line":24,"column":4},"end":{"line":24,"column":72}},"16":{"start":{"line":24,"column":18},"end":{"line":24,"column":72}},"17":{"start":{"line":25,"column":4},"end":{"line":25,"column":22}},"18":{"start":{"line":26,"column":17},"end":{"line":26,"column":34}},"19":{"start":{"line":27,"column":20},"end":{"line":27,"column":33}},"20":{"start":{"line":28,"column":4},"end":{"line":28,"column":64}},"21":{"start":{"line":31,"column":24},"end":{"line":31,"column":63}},"22":{"start":{"line":32,"column":4},"end":{"line":32,"column":37}},"23":{"start":{"line":33,"column":4},"end":{"line":33,"column":59}},"24":{"start":{"line":34,"column":4},"end":{"line":34,"column":68}},"25":{"start":{"line":37,"column":4},"end":{"line":37,"column":65}},"26":{"start":{"line":38,"column":4},"end":{"line":38,"column":106}},"27":{"start":{"line":42,"column":0},"end":{"line":42,"column":10}}},"fnMap":{"0":{"name":"runTest","decl":{"start":{"line":6,"column":15},"end":{"line":6,"column":22}},"loc":{"start":{"line":6,"column":25},"end":{"line":40,"column":1}},"line":6}},"branchMap":{"0":{"loc":{"start":{"line":14,"column":4},"end":{"line":14,"column":72}},"type":"if","locations":[{"start":{"line":14,"column":4},"end":{"line":14,"column":72}},{"start":{},"end":{}}],"line":14},"1":{"loc":{"start":{"line":24,"column":4},"end":{"line":24,"column":72}},"type":"if","locations":[{"start":{"line":24,"column":4},"end":{"line":24,"column":72}},{"start":{},"end":{}}],"line":24}},"s":{"0":0,"1":0,"2":0,"3":0,"4":0,"5":0,"6":0,"7":0,"8":0,"9":0,"10":0,"11":0,"12":0,"13":0,"14":0,"15":0,"16":0,"17":0,"18":0,"19":0,"20":0,"21":0,"22":0,"23":0,"24":0,"25":0,"26":0,"27":0},"f":{"0":0},"b":{"0":[0,0],"1":[0,0]},"inputSourceMap":null}
,"C:\\Users\\maddi\\OneDrive\\Documents\\GardenlyReact\\GardenlyReact\\api\\utils\\solr.js": {"path":"C:\\Users\\maddi\\OneDrive\\Documents\\GardenlyReact\\GardenlyReact\\api\\utils\\solr.js","statementMap":{"0":{"start":{"line":4,"column":19},"end":{"line":4,"column":45}},"1":{"start":{"line":4,"column":25},"end":{"line":4,"column":45}},"2":{"start":{"line":9,"column":28},"end":{"line":35,"column":1}},"3":{"start":{"line":10,"column":18},"end":{"line":10,"column":30}},"4":{"start":{"line":11,"column":2},"end":{"line":11,"column":23}},"5":{"start":{"line":11,"column":16},"end":{"line":11,"column":23}},"6":{"start":{"line":13,"column":14},"end":{"line":16,"column":3}},"7":{"start":{"line":18,"column":2},"end":{"line":34,"column":3}},"8":{"start":{"line":19,"column":21},"end":{"line":23,"column":6}},"9":{"start":{"line":25,"column":4},"end":{"line":28,"column":5}},"10":{"start":{"line":26,"column":19},"end":{"line":26,"column":40}},"11":{"start":{"line":27,"column":6},"end":{"line":27,"column":45}},"12":{"start":{"line":30,"column":4},"end":{"line":30,"column":33}},"13":{"start":{"line":32,"column":4},"end":{"line":32,"column":55}},"14":{"start":{"line":33,"column":4},"end":{"line":33,"column":14}},"15":{"start":{"line":40,"column":30},"end":{"line":55,"column":1}},"16":{"start":{"line":41,"column":18},"end":{"line":41,"column":30}},"17":{"start":{"line":42,"column":2},"end":{"line":42,"column":23}},"18":{"start":{"line":42,"column":16},"end":{"line":42,"column":23}},"19":{"start":{"line":44,"column":2},"end":{"line":54,"column":3}},"20":{"start":{"line":45,"column":21},"end":{"line":49,"column":6}},"21":{"start":{"line":50,"column":4},"end":{"line":50,"column":33}},"22":{"start":{"line":52,"column":4},"end":{"line":52,"column":55}},"23":{"start":{"line":53,"column":4},"end":{"line":53,"column":14}},"24":{"start":{"line":60,"column":26},"end":{"line":87,"column":1}},"25":{"start":{"line":61,"column":18},"end":{"line":61,"column":30}},"26":{"start":{"line":62,"column":2},"end":{"line":62,"column":26}},"27":{"start":{"line":62,"column":16},"end":{"line":62,"column":26}},"28":{"start":{"line":64,"column":2},"end":{"line":86,"column":3}},"29":{"start":{"line":66,"column":19},"end":{"line":71,"column":6}},"30":{"start":{"line":73,"column":16},"end":{"line":73,"column":56}},"31":{"start":{"line":74,"column":21},"end":{"line":74,"column":37}},"32":{"start":{"line":75,"column":17},"end":{"line":75,"column":38}},"33":{"start":{"line":77,"column":4},"end":{"line":80,"column":5}},"34":{"start":{"line":78,"column":6},"end":{"line":78,"column":60}},"35":{"start":{"line":79,"column":6},"end":{"line":79,"column":16}},"36":{"start":{"line":82,"column":4},"end":{"line":82,"column":30}},"37":{"start":{"line":84,"column":4},"end":{"line":84,"column":53}},"38":{"start":{"line":85,"column":4},"end":{"line":85,"column":14}},"39":{"start":{"line":92,"column":25},"end":{"line":107,"column":1}},"40":{"start":{"line":93,"column":18},"end":{"line":93,"column":30}},"41":{"start":{"line":94,"column":2},"end":{"line":94,"column":23}},"42":{"start":{"line":94,"column":16},"end":{"line":94,"column":23}},"43":{"start":{"line":96,"column":2},"end":{"line":106,"column":3}},"44":{"start":{"line":97,"column":21},"end":{"line":101,"column":6}},"45":{"start":{"line":102,"column":4},"end":{"line":102,"column":33}},"46":{"start":{"line":104,"column":4},"end":{"line":104,"column":52}},"47":{"start":{"line":105,"column":4},"end":{"line":105,"column":14}},"48":{"start":{"line":109,"column":27},"end":{"line":111,"column":1}},"49":{"start":{"line":110,"column":2},"end":{"line":110,"column":71}},"50":{"start":{"line":113,"column":29},"end":{"line":113,"column":39}},"51":{"start":{"line":113,"column":36},"end":{"line":113,"column":38}}},"fnMap":{"0":{"name":"(anonymous_0)","decl":{"start":{"line":4,"column":19},"end":{"line":4,"column":20}},"loc":{"start":{"line":4,"column":25},"end":{"line":4,"column":45}},"line":4},"1":{"name":"(anonymous_1)","decl":{"start":{"line":9,"column":28},"end":{"line":9,"column":29}},"loc":{"start":{"line":9,"column":47},"end":{"line":35,"column":1}},"line":9},"2":{"name":"(anonymous_2)","decl":{"start":{"line":40,"column":30},"end":{"line":40,"column":31}},"loc":{"start":{"line":40,"column":51},"end":{"line":55,"column":1}},"line":40},"3":{"name":"(anonymous_3)","decl":{"start":{"line":60,"column":26},"end":{"line":60,"column":27}},"loc":{"start":{"line":60,"column":43},"end":{"line":87,"column":1}},"line":60},"4":{"name":"(anonymous_4)","decl":{"start":{"line":92,"column":25},"end":{"line":92,"column":26}},"loc":{"start":{"line":92,"column":37},"end":{"line":107,"column":1}},"line":92},"5":{"name":"(anonymous_5)","decl":{"start":{"line":109,"column":27},"end":{"line":109,"column":28}},"loc":{"start":{"line":109,"column":33},"end":{"line":111,"column":1}},"line":109},"6":{"name":"(anonymous_6)","decl":{"start":{"line":113,"column":29},"end":{"line":113,"column":30}},"loc":{"start":{"line":113,"column":36},"end":{"line":113,"column":38}},"line":113}},"branchMap":{"0":{"loc":{"start":{"line":11,"column":2},"end":{"line":11,"column":23}},"type":"if","locations":[{"start":{"line":11,"column":2},"end":{"line":11,"column":23}},{"start":{},"end":{}}],"line":11},"1":{"loc":{"start":{"line":25,"column":4},"end":{"line":28,"column":5}},"type":"if","locations":[{"start":{"line":25,"column":4},"end":{"line":28,"column":5}},{"start":{},"end":{}}],"line":25},"2":{"loc":{"start":{"line":42,"column":2},"end":{"line":42,"column":23}},"type":"if","locations":[{"start":{"line":42,"column":2},"end":{"line":42,"column":23}},{"start":{},"end":{}}],"line":42},"3":{"loc":{"start":{"line":62,"column":2},"end":{"line":62,"column":26}},"type":"if","locations":[{"start":{"line":62,"column":2},"end":{"line":62,"column":26}},{"start":{},"end":{}}],"line":62},"4":{"loc":{"start":{"line":77,"column":4},"end":{"line":80,"column":5}},"type":"if","locations":[{"start":{"line":77,"column":4},"end":{"line":80,"column":5}},{"start":{},"end":{}}],"line":77},"5":{"loc":{"start":{"line":94,"column":2},"end":{"line":94,"column":23}},"type":"if","locations":[{"start":{"line":94,"column":2},"end":{"line":94,"column":23}},{"start":{},"end":{}}],"line":94}},"s":{"0":0,"1":0,"2":0,"3":0,"4":0,"5":0,"6":0,"7":0,"8":0,"9":0,"10":0,"11":0,"12":0,"13":0,"14":0,"15":0,"16":0,"17":0,"18":0,"19":0,"20":0,"21":0,"22":0,"23":0,"24":0,"25":0,"26":0,"27":0,"28":0,"29":0,"30":0,"31":0,"32":0,"33":0,"34":0,"35":0,"36":0,"37":0,"38":0,"39":0,"40":0,"41":0,"42":0,"43":0,"44":0,"45":0,"46":0,"47":0,"48":0,"49":0,"50":0,"51":0},"f":{"0":0,"1":0,"2":0,"3":0,"4":0,"5":0,"6":0},"b":{"0":[0,0],"1":[0,0],"2":[0,0],"3":[0,0],"4":[0,0],"5":[0,0]},"inputSourceMap":null}
,"C:\\Users\\maddi\\OneDrive\\Documents\\GardenlyReact\\GardenlyReact\\api\\utils\\syncToSolr.js": {"path":"C:\\Users\\maddi\\OneDrive\\Documents\\GardenlyReact\\GardenlyReact\\api\\utils\\syncToSolr.js","statementMap":{"0":{"start":{"line":9,"column":19},"end":{"line":9,"column":49}},"1":{"start":{"line":10,"column":18},"end":{"line":10,"column":42}},"2":{"start":{"line":11,"column":0},"end":{"line":11,"column":60}},"3":{"start":{"line":14,"column":2},"end":{"line":34,"column":3}},"4":{"start":{"line":15,"column":4},"end":{"line":15,"column":74}},"5":{"start":{"line":16,"column":4},"end":{"line":16,"column":40}},"6":{"start":{"line":18,"column":4},"end":{"line":18,"column":18}},"7":{"start":{"line":20,"column":21},"end":{"line":20,"column":43}},"8":{"start":{"line":21,"column":4},"end":{"line":21,"column":64}},"9":{"start":{"line":23,"column":4},"end":{"line":26,"column":5}},"10":{"start":{"line":24,"column":6},"end":{"line":24,"column":34}},"11":{"start":{"line":25,"column":6},"end":{"line":25,"column":46}},"12":{"start":{"line":28,"column":4},"end":{"line":28,"column":34}},"13":{"start":{"line":29,"column":4},"end":{"line":29,"column":32}},"14":{"start":{"line":30,"column":4},"end":{"line":30,"column":20}},"15":{"start":{"line":32,"column":4},"end":{"line":32,"column":39}},"16":{"start":{"line":33,"column":4},"end":{"line":33,"column":20}},"17":{"start":{"line":37,"column":0},"end":{"line":37,"column":7}}},"fnMap":{"0":{"name":"sync","decl":{"start":{"line":13,"column":15},"end":{"line":13,"column":19}},"loc":{"start":{"line":13,"column":22},"end":{"line":35,"column":1}},"line":13}},"branchMap":{},"s":{"0":0,"1":0,"2":0,"3":0,"4":0,"5":0,"6":0,"7":0,"8":0,"9":0,"10":0,"11":0,"12":0,"13":0,"14":0,"15":0,"16":0,"17":0},"f":{"0":0},"b":{},"inputSourceMap":null}
}
